#
# A fatal error has been detected by the Java Runtime Environment:
#
#  EXCEPTION_ACCESS_VIOLATION (0xc0000005) at pc=0x00007ff9d2273611, pid=5548, tid=11744
#
# JRE version: OpenJDK Runtime Environment Temurin-17.0.10+7 (17.0.10+7) (build 17.0.10+7)
# Java VM: OpenJDK 64-Bit Server VM Temurin-17.0.10+7 (17.0.10+7, mixed mode, tiered, compressed oops, compressed class ptrs, parallel gc, windows-amd64)
# Problematic frame:
# V  [jvm.dll+0x6b3611]
#
# No core dump will be written. Minidumps are not enabled by default on client versions of Windows
#
# If you would like to submit a bug report, please visit:
#   https://github.com/adoptium/adoptium-support/issues
#

---------------  S U M M A R Y ------------

Command Line: --add-modules=ALL-SYSTEM --add-opens=java.base/java.util=ALL-UNNAMED --add-opens=java.base/java.lang=ALL-UNNAMED --add-opens=java.base/sun.nio.fs=ALL-UNNAMED -Declipse.application=org.eclipse.jdt.ls.core.id1 -Dosgi.bundles.defaultStartLevel=4 -Declipse.product=org.eclipse.jdt.ls.core.product -Djava.import.generatesMetadataFilesAtProjectRoot=false -DDetectVMInstallationsJob.disabled=true -Dfile.encoding=utf8 -XX:+UseParallelGC -XX:GCTimeRatio=4 -XX:AdaptiveSizePolicyWeight=90 -Dsun.zip.disableMemoryMapping=true -Xmx1G -Xms100m -Xlog:disable -javaagent:c:\Users\Welcome\.vscode\extensions\redhat.java-1.29.0-win32-x64\lombok\lombok-1.18.32.jar -XX:+HeapDumpOnOutOfMemoryError -XX:HeapDumpPath=c:\Users\Welcome\AppData\Roaming\Code\User\workspaceStorage\50bb07fb0669819beebb2246bf472869\redhat.java -Daether.dependencyCollector.impl=bf c:\Users\Welcome\.vscode\extensions\redhat.java-1.29.0-win32-x64\server\plugins\org.eclipse.equinox.launcher_1.6.800.v20240304-1850.jar -configuration c:\Users\Welcome\AppData\Roaming\Code\User\globalStorage\redhat.java\1.29.0\config_win -data c:\Users\Welcome\AppData\Roaming\Code\User\workspaceStorage\50bb07fb0669819beebb2246bf472869\redhat.java\jdt_ws --stdio

Host: Intel(R) Core(TM) i5-4300U CPU @ 1.90GHz, 4 cores, 3G,  Windows 10 , 64 bit Build 19041 (10.0.19041.3636)
Time: Wed Apr 17 02:33:35 2024 Hora estándar Montañas (México) elapsed time: 936.248637 seconds (0d 0h 15m 36s)

---------------  T H R E A D  ---------------

Current thread (0x0000022b225b52e0):  VMThread "VM Thread" [stack: 0x0000002dcf900000,0x0000002dcfa00000] [id=11744]

Stack: [0x0000002dcf900000,0x0000002dcfa00000],  sp=0x0000002dcf9feb40,  free space=1018k
Native frames: (J=compiled Java code, j=interpreted, Vv=VM code, C=native code)
V  [jvm.dll+0x6b3611]
V  [jvm.dll+0x6aeb5e]
V  [jvm.dll+0x6b3e68]
V  [jvm.dll+0x6b67bf]
V  [jvm.dll+0x6bcf31]
V  [jvm.dll+0x688643]
V  [jvm.dll+0x6be604]
V  [jvm.dll+0x83b11b]
V  [jvm.dll+0x83be61]
V  [jvm.dll+0x83c37d]
V  [jvm.dll+0x83c754]
V  [jvm.dll+0x83c820]
V  [jvm.dll+0x7e3fba]
V  [jvm.dll+0x67c1b5]
C  [ucrtbase.dll+0x21bb2]
C  [KERNEL32.DLL+0x17344]
C  [ntdll.dll+0x526b1]


siginfo: EXCEPTION_ACCESS_VIOLATION (0xc0000005), reading address 0xffffffffffffffff


Registers:
RAX=0x0000022b203b0000, RBX=0x00000000c4c00008, RCX=0x00007ff9d275d810, RDX=0x0000000000000009
RSP=0x0000002dcf9feb40, RBP=0x0000000000000009, RSI=0x00000000c4c00020, RDI=0x0000000000010000
R8 =0x0000022b225b4a60, R9 =0x00009fffffff8800, R10=0x0000022b225b4a60, R11=0x0000022b20446940
R12=0x00000000c4bffff0, R13=0x00007ff9d275d810, R14=0x0000002dcf9fec68, R15=0x00000001004bf0f0
RIP=0x00007ff9d2273611, EFLAGS=0x0000000000010a06


Register to memory mapping:

RIP=0x00007ff9d2273611 jvm.dll
RAX=0x0000022b203b0000 points into unknown readable memory: 0x00000000c0000000 | 00 00 00 c0 00 00 00 00
RBX=0x00000000c4c00008 is an oop: java.lang.String 
{0x00000000c4c00008} - klass: 'java/lang/String'
 - string: "SCL.lombok/lombok/javac/handlers/JavacResolver.SCL.lombok"
RCX=0x00007ff9d275d810 jvm.dll
RDX=0x0000000000000009 is an unknown value
RSP=0x0000002dcf9feb40 points into unknown readable memory: 0x00000000c3b80024 | 24 00 b8 c3 00 00 00 00
RBP=0x0000000000000009 is an unknown value
RSI=0x00000000c4c00020 is an oop: [B 
{0x00000000c4c00020} - klass: {type array byte}
 - length: 57
RDI=0x0000000000010000 is an unknown value
R8 =0x0000022b225b4a60 points into unknown readable memory: 0x0000022b36314f40 | 40 4f 31 36 2b 02 00 00
R9 =0x00009fffffff8800 is an unknown value
R10=0x0000022b225b4a60 points into unknown readable memory: 0x0000022b36314f40 | 40 4f 31 36 2b 02 00 00
R11=0x0000022b20446940 points into unknown readable memory: 0x000000200000001a | 1a 00 00 00 20 00 00 00
R12=0x00000000c4bffff0 is an oop: com.google.gson.internal.LinkedTreeMap$Node 
{0x00000000c4bffff0} - klass: 'com/google/gson/internal/LinkedTreeMap$Node'
 - ---- fields (total size 6 words):
 - 'height' 'I' @12  1
 - final 'allowNullValue' 'Z' @16  true (70)
 - 'parent' 'Lcom/google/gson/internal/LinkedTreeMap$Node;' @20  NULL (0)
 - 'left' 'Lcom/google/gson/internal/LinkedTreeMap$Node;' @24  
[error occurred during error reporting (printing register info), id 0xc0000005, EXCEPTION_ACCESS_VIOLATION (0xc0000005) at pc=0x00007ff9d1f5403e]

Top of Stack: (sp=0x0000002dcf9feb40)
0x0000002dcf9feb40:   00000000c3b80024 0000000000003262
0x0000002dcf9feb50:   00000000c4f997f0 0000000000010000
0x0000002dcf9feb60:   00000000c463c090 0000000000010000
0x0000002dcf9feb70:   0000000000000000 00000000c3f80004
0x0000002dcf9feb80:   00000001004bf0f0 0000002dcf9fec68
0x0000002dcf9feb90:   00007ff9d25718e8 0000000000000009
0x0000002dcf9feba0:   00000001004bf0e8 00007ff9d226eb5e
0x0000002dcf9febb0:   0000002dcf9fec68 00007ff9d226f59b
0x0000002dcf9febc0:   0000022b225b4a60 0000022b203b19f0
0x0000002dcf9febd0:   00007ff9d26ec770 0000022b225b4a60
0x0000002dcf9febe0:   0000000000000000 00007ff9d2273e68
0x0000002dcf9febf0:   0000022b203b1798 0000022b203b1c70
0x0000002dcf9fec00:   0000022b224f6250 0000002dcf9fecf0
0x0000002dcf9fec10:   000000022e078957 0000021fab727aec
0x0000002dcf9fec20:   ffffffff00000000 0000000000000000
0x0000002dcf9fec30:   0000000200000001 00007ff9d2739c70
0x0000002dcf9fec40:   00007ff900000001 00007ff9d2739c00
0x0000002dcf9fec50:   0000004400000015 0000002d00000011
0x0000002dcf9fec60:   0000022b401b7960 00007ff9d25718e8
0x0000002dcf9fec70:   0000000000000000 0000022b225b4a60
0x0000002dcf9fec80:   00007ff9d24fdf00 00007ff9d2571c00
0x0000002dcf9fec90:   00007ff9d2571d60 000002000000000d
0x0000002dcf9feca0:   00007ff900000001 00007ff9d2739c00
0x0000002dcf9fecb0:   0000000200000001 00007ff9d2739c70
0x0000002dcf9fecc0:   ffffffffffffffff 0000000000000000
0x0000002dcf9fecd0:   0000000000000000 00007ff9d24fdf18
0x0000002dcf9fece0:   00007ff9d2571d60 00007ff9d26ec7f0
0x0000002dcf9fecf0:   0000000000000000 0000002dcf9fecd8
0x0000002dcf9fed00:   0000000000000000 0000022b2050de10
0x0000002dcf9fed10:   00007ff9d24fdf00 0000000000000000
0x0000002dcf9fed20:   00007ff9d2571d70 000000000000000d
0x0000002dcf9fed30:   00007ff900000001 00007ff9d2739c00 

Instructions: (pc=0x00007ff9d2273611)
0x00007ff9d2273511:   9b 9c fb ff 48 8d 8d c8 02 00 00 e8 8f 9c fb ff
0x00007ff9d2273521:   48 8d 8d 98 02 00 00 e8 83 9c fb ff 48 8d 8d 68
0x00007ff9d2273531:   02 00 00 e8 77 9c fb ff 48 8d 4d f8 e8 3e 6b c2
0x00007ff9d2273541:   ff 48 8d 4d e8 e8 35 e9 1a 00 48 83 7d a0 00 75
0x00007ff9d2273551:   0e 48 83 7d a8 00 75 07 48 83 7d b0 00 74 5a 48
0x00007ff9d2273561:   8d 4c 24 20 e8 e6 f1 13 00 48 8b 4d a0 0f 10 30
0x00007ff9d2273571:   48 85 c9 74 10 48 8b 01 48 8d 54 24 20 0f 29 74
0x00007ff9d2273581:   24 20 ff 50 08 48 8b 4d a8 48 85 c9 74 11 48 8b
0x00007ff9d2273591:   01 48 8d 54 24 20 66 0f 7f 74 24 20 ff 50 08 48
0x00007ff9d22735a1:   8b 4d b0 48 85 c9 74 11 48 8b 01 48 8d 54 24 20
0x00007ff9d22735b1:   66 0f 7f 74 24 20 ff 50 08 4c 8d 9c 24 80 04 00
0x00007ff9d22735c1:   00 49 8b 5b 10 49 8b 7b 18 41 0f 28 73 f0 49 8b
0x00007ff9d22735d1:   e3 5d c3 cc cc cc cc cc cc cc cc cc cc cc cc 4c
0x00007ff9d22735e1:   89 44 24 18 55 57 41 55 41 56 41 57 48 83 ec 40
0x00007ff9d22735f1:   48 8b c2 bf 00 00 01 00 48 2b 01 4d 8b d0 48 c1
0x00007ff9d2273601:   e8 13 48 8b ea 4c 8b e9 4c 8d 0c 80 48 8b 41 18
0x00007ff9d2273611:   4e 8b 34 c8 4e 8d 3c c8 46 8b 4c c8 1c 41 8b 47
0x00007ff9d2273621:   18 41 81 e1 ff ff ff 07 4c 03 c8 4c 89 bc 24 88
0x00007ff9d2273631:   00 00 00 4c 89 74 24 70 4c 3b cf 75 18 48 c1 ed
0x00007ff9d2273641:   03 0f b7 c5 49 8d 04 c6 48 83 c4 40 41 5f 41 5e
0x00007ff9d2273651:   41 5d 5f 5d c3 41 0f b6 47 20 90 48 89 5c 24 38
0x00007ff9d2273661:   84 c0 0f 85 13 01 00 00 48 2b 11 48 8b 05 b5 a1
0x00007ff9d2273671:   4e 00 48 c1 ea 13 48 89 74 24 30 48 8d 0c 92 8b
0x00007ff9d2273681:   74 c8 18 48 3b f7 0f 83 e4 00 00 00 48 63 0d a4
0x00007ff9d2273691:   4b 46 00 41 b8 07 00 00 00 4c 8b 35 a7 a1 4e 00
0x00007ff9d22736a1:   4c 2b c1 48 c1 e2 10 48 d3 ea 48 d3 ef 48 03 fa
0x00007ff9d22736b1:   48 d3 ee 4c 89 44 24 78 48 8d 0d 20 a1 4e 00 4c
0x00007ff9d22736c1:   8b c7 48 03 d6 e8 65 38 fd ff 48 8b d8 48 3b c7
0x00007ff9d22736d1:   0f 83 8d 00 00 00 4c 8b 7c 24 78 4c 89 64 24 28
0x00007ff9d22736e1:   4c 8d 67 ff 66 66 66 0f 1f 84 00 00 00 00 00 48
0x00007ff9d22736f1:   8b d3 49 8b cf 48 d3 ea 49 3b d6 74 1b 8b 0d 34
0x00007ff9d2273701:   4b 46 00 4c 8b c6 48 8b 05 32 a1 4e 00 4c 8b f2 


Stack slot to memory mapping:
stack at sp + 0 slots: 0x00000000c3b80024 is pointing into object: java.lang.reflect.Field 
{0x00000000c3b7ffe0} - klass: 'java/lang/reflect/Field'
 - ---- fields (total size 9 words):
 - 'override' 'Z' @12  false
 - volatile 'accessCheckCache' 'Ljava/lang/Object;' @16  NULL (0)
 - private 'trustedFinal' 'Z' @13  false
 - private 'slot' 'I' @20  12 (c)
 - private 'modifiers' 'I' @24  9
 - private 'clazz' 'Ljava/lang/Class;' @28  a 'java/lang/Class'{0x00000000c3b7e980} = 'org/eclipse/jdt/ls/core/internal/text/correction/ActionMessages' (c3b7e980)
 - private 'name' 'Ljava/lang/String;' @32  "GenerateToStringAction_label"{0x00000000c3b80028} (c3b80028)
 - private 'type' 'Ljava/lang/Class;' @36  a 'java/lang/Class'{0x00000000c0654100} = 'java/lang/String' (c0654100)
 - private transient 'signature' 'Ljava/lang/String;' @40  NULL (0)
 - private transient 'genericInfo' 'Lsun/reflect/generics/repository/FieldRepository;' @44  NULL (0)
 - private 'annotations' '[B' @48  NULL (0)
 - private 'fieldAccessor' 'Ljdk/internal/reflect/FieldAccessor;' @52  a 'jdk/internal/reflect/UnsafeStaticObjectFieldAccessorImpl'{0x00000000c3b80070} (c3b80070)
 - private 'overrideFieldAccessor' 'Ljdk/internal/reflect/FieldAccessor;' @56  NULL (0)
 - private 'root' 'Ljava/lang/reflect/Field;' @60  NULL (0)
 - private volatile transient 'declaredAnnotations' 'Ljava/util/Map;' @64  NULL (0)
stack at sp + 1 slots: 0x0000000000003262 is an unknown value
stack at sp + 2 slots: 0x00000000c4f997f0 is pointing into object: [[Ljava.lang.String; 
{0x00000000c4f997e8} - klass: 'java/lang/String'[][]
 - length: 2
stack at sp + 3 slots: 0x0000000000010000 is an unknown value
stack at sp + 4 slots: 0x00000000c463c090 is pointing into object: java.lang.String 
{0x00000000c463c088} - klass: 'java/lang/String'
 - string: "addFile(String)"
stack at sp + 5 slots: 0x0000000000010000 is an unknown value
stack at sp + 6 slots: 0x0 is NULL
stack at sp + 7 slots: 0x00000000c3f80004 is pointing into object: java.lang.String 
{0x00000000c3f7fff0} - klass: 'java/lang/String'
 - string: "skipBytes(int)"

VM_Operation (0x0000002dd0efca70): ParallelGCFailedAllocation, mode: safepoint, requested by thread 0x0000022b3d4414b0


---------------  P R O C E S S  ---------------

Threads class SMR info:
_java_thread_list=0x0000022b3ea28c10, length=30, elements={
0x0000022b22506d50, 0x0000022b225b7590, 0x0000022b225b8490, 0x0000022b36370680,
0x0000022b36371300, 0x0000022b36371f80, 0x0000022b36373ab0, 0x0000022b363747a0,
0x0000022b3b5a1700, 0x0000022b3b5bf3c0, 0x0000022b22568f00, 0x0000022b3b968a00,
0x0000022b3bfc82c0, 0x0000022b3c213450, 0x0000022b3c334d90, 0x0000022b3bb5f5c0,
0x0000022b3bae7940, 0x0000022b3bcd60b0, 0x0000022b3bcd5ba0, 0x0000022b3bcd6ad0,
0x0000022b3bcd4250, 0x0000022b3bcd6fe0, 0x0000022b3bcd4c70, 0x0000022b3bcd5690,
0x0000022b3d440a90, 0x0000022b3d443820, 0x0000022b3d4428f0, 0x0000022b3d4419c0,
0x0000022b3d4414b0, 0x0000022b3e31c7a0
}

Java Threads: ( => current thread )
  0x0000022b22506d50 JavaThread "" [_thread_blocked, id=2144, stack(0x0000002dcf700000,0x0000002dcf800000)]
  0x0000022b225b7590 JavaThread "Reference Handler" daemon [_thread_blocked, id=13588, stack(0x0000002dcfa00000,0x0000002dcfb00000)]
  0x0000022b225b8490 JavaThread "Finalizer" daemon [_thread_blocked, id=13248, stack(0x0000002dcfb00000,0x0000002dcfc00000)]
  0x0000022b36370680 JavaThread "Signal Dispatcher" daemon [_thread_blocked, id=2788, stack(0x0000002dcfc00000,0x0000002dcfd00000)]
  0x0000022b36371300 JavaThread "Attach Listener" daemon [_thread_blocked, id=9744, stack(0x0000002dcfd00000,0x0000002dcfe00000)]
  0x0000022b36371f80 JavaThread "Service Thread" daemon [_thread_blocked, id=7044, stack(0x0000002dcfe00000,0x0000002dcff00000)]
  0x0000022b36373ab0 JavaThread "Monitor Deflation Thread" daemon [_thread_blocked, id=6092, stack(0x0000002dcff00000,0x0000002dd0000000)]
  0x0000022b363747a0 JavaThread "C2 CompilerThread0" daemon [_thread_blocked, id=3352, stack(0x0000002dd0000000,0x0000002dd0100000)]
  0x0000022b3b5a1700 JavaThread "C1 CompilerThread0" daemon [_thread_blocked, id=2500, stack(0x0000002dd0100000,0x0000002dd0200000)]
  0x0000022b3b5bf3c0 JavaThread "Sweeper thread" daemon [_thread_blocked, id=5624, stack(0x0000002dd0200000,0x0000002dd0300000)]
  0x0000022b22568f00 JavaThread "Common-Cleaner" daemon [_thread_blocked, id=2928, stack(0x0000002dd0300000,0x0000002dd0400000)]
  0x0000022b3b968a00 JavaThread "Notification Thread" daemon [_thread_blocked, id=10868, stack(0x0000002dd0400000,0x0000002dd0500000)]
  0x0000022b3bfc82c0 JavaThread "" [_thread_blocked, id=13372, stack(0x0000002dd0a00000,0x0000002dd0b00000)]
  0x0000022b3c213450 JavaThread "Framework Event Dispatcher: Equinox Container: d772a4a7-67e1-4e64-8dbd-9bd70c26d40f" daemon [_thread_blocked, id=3308, stack(0x0000002dd0900000,0x0000002dd0a00000)]
  0x0000022b3c334d90 JavaThread "Start Level: Equinox Container: d772a4a7-67e1-4e64-8dbd-9bd70c26d40f" daemon [_thread_blocked, id=2756, stack(0x0000002dd0b00000,0x0000002dd0c00000)]
  0x0000022b3bb5f5c0 JavaThread "Bundle File Closer" daemon [_thread_blocked, id=12460, stack(0x0000002dd0c00000,0x0000002dd0d00000)]
  0x0000022b3bae7940 JavaThread "SCR Component Actor" daemon [_thread_blocked, id=8048, stack(0x0000002dd0d00000,0x0000002dd0e00000)]
  0x0000022b3bcd60b0 JavaThread "Worker-JM" [_thread_blocked, id=13332, stack(0x0000002dd0f00000,0x0000002dd1000000)]
  0x0000022b3bcd5ba0 JavaThread "Worker-1" [_thread_blocked, id=5212, stack(0x0000002dd1100000,0x0000002dd1200000)]
  0x0000022b3bcd6ad0 JavaThread "Worker-2" [_thread_blocked, id=13872, stack(0x0000002dd1200000,0x0000002dd1300000)]
  0x0000022b3bcd4250 JavaThread "Java indexing" daemon [_thread_blocked, id=4760, stack(0x0000002dd1400000,0x0000002dd1500000)]
  0x0000022b3bcd6fe0 JavaThread "JNA Cleaner" daemon [_thread_blocked, id=14140, stack(0x0000002dd1600000,0x0000002dd1700000)]
  0x0000022b3bcd4c70 JavaThread "pool-2-thread-1" [_thread_blocked, id=6464, stack(0x0000002dd1900000,0x0000002dd1a00000)]
  0x0000022b3bcd5690 JavaThread "WorkspaceEventsHandler" [_thread_blocked, id=988, stack(0x0000002dd1a00000,0x0000002dd1b00000)]
  0x0000022b3d440a90 JavaThread "pool-1-thread-1" [_thread_blocked, id=2212, stack(0x0000002dd1b00000,0x0000002dd1c00000)]
  0x0000022b3d443820 JavaThread "Cleaner-0" daemon [_thread_blocked, id=9984, stack(0x0000002dd2000000,0x0000002dd2100000)]
  0x0000022b3d4428f0 JavaThread "ForkJoinPool.commonPool-worker-7" daemon [_thread_blocked, id=13984, stack(0x0000002dcf400000,0x0000002dcf500000)]
  0x0000022b3d4419c0 JavaThread "ForkJoinPool.commonPool-worker-8" daemon [_thread_blocked, id=6532, stack(0x0000002dcf500000,0x0000002dcf600000)]
  0x0000022b3d4414b0 JavaThread "ForkJoinPool.commonPool-worker-9" daemon [_thread_blocked, id=10248, stack(0x0000002dd0e00000,0x0000002dd0f00000)]
  0x0000022b3e31c7a0 JavaThread "C2 CompilerThread1" daemon [_thread_blocked, id=9840, stack(0x0000002dcf600000,0x0000002dcf700000)]

Other Threads:
=>0x0000022b225b52e0 VMThread "VM Thread" [stack: 0x0000002dcf900000,0x0000002dcfa00000] [id=11744]
  0x0000022b3b866530 WatcherThread [stack: 0x0000002dd0500000,0x0000002dd0600000] [id=12572]
  0x0000022b2251d320 GCTaskThread "GC Thread#0" [stack: 0x0000002dcf800000,0x0000002dcf900000] [id=5368]
  0x0000022b3be55ad0 GCTaskThread "GC Thread#1" [stack: 0x0000002dd0600000,0x0000002dd0700000] [id=13032]
  0x0000022b3be55290 GCTaskThread "GC Thread#2" [stack: 0x0000002dd0700000,0x0000002dd0800000] [id=1968]
  0x0000022b3be54fd0 GCTaskThread "GC Thread#3" [stack: 0x0000002dd0800000,0x0000002dd0900000] [id=840]

Threads with active compile tasks:
C2 CompilerThread0   936367 11478       4       org.eclipse.jdt.internal.compiler.classfmt.ModuleInfo::readModuleAttribute (1166 bytes)
C2 CompilerThread1   936367 11480 % !   4       org.eclipse.jdt.internal.compiler.parser.Scanner::jumpOverBody @ 12 (1538 bytes)

VM state: at safepoint (normal execution)

VM Mutex/Monitor currently owned by a thread:  ([mutex/lock_event])
[0x0000022b22503b40] Threads_lock - owner thread: 0x0000022b225b52e0
[0x0000022b225032d0] Heap_lock - owner thread: 0x0000022b3d4414b0

Heap address: 0x00000000c0000000, size: 1024 MB, Compressed Oops mode: 32-bit

CDS archive(s) not mapped
Compressed class space mapped at: 0x0000000100000000-0x0000000140000000, reserved size: 1073741824
Narrow klass base: 0x0000000000000000, Narrow klass shift: 3, Narrow klass range: 0x140000000

GC Precious Log:
 CPUs: 4 total, 4 available
 Memory: 4001M
 Large Page Support: Disabled
 NUMA Support: Disabled
 Compressed Oops: Enabled (32-bit)
 Alignments: Space 512K, Generation 512K, Heap 2M
 Heap Min Capacity: 100M
 Heap Initial Capacity: 100M
 Heap Max Capacity: 1G
 Pre-touch: Disabled
 Parallel Workers: 4

Heap:
 PSYoungGen      total 2048K, used 715K [0x00000000eab00000, 0x00000000eaf80000, 0x0000000100000000)
  eden space 1024K, 0% used [0x00000000eab00000,0x00000000eab00000,0x00000000eac00000)
  from space 1024K, 69% used [0x00000000eac00000,0x00000000eacb2e88,0x00000000ead00000)
  to   space 1536K, 0% used [0x00000000eae00000,0x00000000eae00000,0x00000000eaf80000)
 ParOldGen       total 122368K, used 120950K [0x00000000c0000000, 0x00000000c7780000, 0x00000000eab00000)
  object space 122368K, 98% used [0x00000000c0000000,0x00000000c761dad8,0x00000000c7780000)
 Metaspace       used 73455K, committed 74752K, reserved 1179648K
  class space    used 7633K, committed 8192K, reserved 1048576K

Card table byte_map: [0x0000022b21ea0000,0x0000022b220b0000] _byte_map_base: 0x0000022b218a0000

Marking Bits: (ParMarkBitMap*) 0x00007ff9d275d7d0
 Begin Bits: [0x0000022b341a0000, 0x0000022b351a0000)
 End Bits:   [0x0000022b351a0000, 0x0000022b361a0000)

Polling page: 0x0000022b20380000

Metaspace:

Usage:
  Non-class:     64.28 MB used.
      Class:      7.45 MB used.
       Both:     71.73 MB used.

Virtual space:
  Non-class space:      128.00 MB reserved,      65.00 MB ( 51%) committed,  2 nodes.
      Class space:        1.00 GB reserved,       8.00 MB ( <1%) committed,  1 nodes.
             Both:        1.12 GB reserved,      73.00 MB (  6%) committed. 

Chunk freelists:
   Non-Class:  14.64 MB
       Class:  7.83 MB
        Both:  22.47 MB

MaxMetaspaceSize: unlimited
CompressedClassSpaceSize: 1.00 GB
Initial GC threshold: 21.00 MB
Current GC threshold: 117.00 MB
CDS: off
MetaspaceReclaimPolicy: balanced
 - commit_granule_bytes: 65536.
 - commit_granule_words: 8192.
 - virtual_space_node_default_size: 8388608.
 - enlarge_chunks_in_place: 1.
 - new_chunks_are_fully_committed: 0.
 - uncommit_free_chunks: 1.
 - use_allocation_guard: 0.
 - handle_deallocations: 1.


Internal statistics:

num_allocs_failed_limit: 9.
num_arena_births: 830.
num_arena_deaths: 28.
num_vsnodes_births: 3.
num_vsnodes_deaths: 0.
num_space_committed: 1168.
num_space_uncommitted: 0.
num_chunks_returned_to_freelist: 41.
num_chunks_taken_from_freelist: 3889.
num_chunk_merges: 9.
num_chunk_splits: 2414.
num_chunks_enlarged: 1414.
num_inconsistent_stats: 0.

CodeHeap 'non-profiled nmethods': size=120000Kb used=5954Kb max_used=5954Kb free=114046Kb
 bounds [0x0000022b2cc70000, 0x0000022b2d250000, 0x0000022b341a0000]
CodeHeap 'profiled nmethods': size=120000Kb used=19903Kb max_used=19967Kb free=100096Kb
 bounds [0x0000022b251a0000, 0x0000022b26530000, 0x0000022b2c6d0000]
CodeHeap 'non-nmethods': size=5760Kb used=1384Kb max_used=1469Kb free=4375Kb
 bounds [0x0000022b2c6d0000, 0x0000022b2c940000, 0x0000022b2cc70000]
 total_blobs=10221 nmethods=9488 adapters=646
 compilation: enabled
              stopped_count=0, restarted_count=0
 full_count=0

Compilation events (20 events):
Event: 935.761 Thread 0x0000022b3b5a1700 11501       3       org.eclipse.jdt.internal.core.SourceType::isAnonymous (14 bytes)
Event: 935.761 Thread 0x0000022b3b5a1700 nmethod 11501 0x0000022b2613a790 code [0x0000022b2613a940, 0x0000022b2613abb8]
Event: 935.761 Thread 0x0000022b3b5a1700 11502       3       org.eclipse.jdt.internal.compiler.parser.Parser::consumeVariableInitializers (5 bytes)
Event: 935.762 Thread 0x0000022b3b5a1700 nmethod 11502 0x0000022b2646fe90 code [0x0000022b26470020, 0x0000022b26470238]
Event: 935.763 Thread 0x0000022b3b5a1700 11504       3       org.eclipse.jdt.internal.compiler.parser.Parser::consumeNestedType (84 bytes)
Event: 935.763 Thread 0x0000022b3b5a1700 nmethod 11504 0x0000022b26135f10 code [0x0000022b261360e0, 0x0000022b26136578]
Event: 935.763 Thread 0x0000022b3b5a1700 11505       3       org.eclipse.jdt.internal.core.util.CommentRecorderParser::consumeEnterAnonymousClassBody (18 bytes)
Event: 935.763 Thread 0x0000022b3b5a1700 nmethod 11505 0x0000022b260b7c90 code [0x0000022b260b7e40, 0x0000022b260b7fd8]
Event: 935.764 Thread 0x0000022b3b5a1700 11506       1       org.eclipse.lsp4j.Position::setLine (6 bytes)
Event: 935.764 Thread 0x0000022b3b5a1700 nmethod 11506 0x0000022b2d123b10 code [0x0000022b2d123ca0, 0x0000022b2d123d78]
Event: 935.764 Thread 0x0000022b3b5a1700 11507       1       org.eclipse.lsp4j.Position::setCharacter (6 bytes)
Event: 935.764 Thread 0x0000022b3b5a1700 nmethod 11507 0x0000022b2d240510 code [0x0000022b2d2406a0, 0x0000022b2d240778]
Event: 935.764 Thread 0x0000022b3b5a1700 11508   !   3       lombok.core.FieldAugment$ReflectionFieldAugment::get (61 bytes)
Event: 935.765 Thread 0x0000022b3b5a1700 nmethod 11508 0x0000022b260c4010 code [0x0000022b260c4280, 0x0000022b260c4c18]
Event: 935.765 Thread 0x0000022b3b5a1700 11510       3       org.eclipse.jdt.internal.compiler.parser.Parser::consumeAssignmentOperator (6 bytes)
Event: 935.765 Thread 0x0000022b3b5a1700 nmethod 11510 0x0000022b2634e110 code [0x0000022b2634e2a0, 0x0000022b2634e448]
Event: 935.765 Thread 0x0000022b3b5a1700 11509       3       org.eclipse.jdt.internal.compiler.parser.Parser::consumeExitVariableWithoutInitialization (58 bytes)
Event: 935.766 Thread 0x0000022b3b5a1700 nmethod 11509 0x0000022b26489890 code [0x0000022b26489a60, 0x0000022b2648a078]
Event: 935.766 Thread 0x0000022b3b5a1700 11511       3       lombok.eclipse.EclipseAST::buildInitializer (41 bytes)
Event: 935.767 Thread 0x0000022b3b5a1700 nmethod 11511 0x0000022b25f9d710 code [0x0000022b25f9d9a0, 0x0000022b25f9e938]

GC Heap History (20 events):
Event: 634.417 GC heap after
{Heap after GC invocations=89 (full 5):
 PSYoungGen      total 4096K, used 2336K [0x00000000eab00000, 0x00000000eb280000, 0x0000000100000000)
  eden space 1536K, 0% used [0x00000000eab00000,0x00000000eab00000,0x00000000eac80000)
  from space 2560K, 91% used [0x00000000eb000000,0x00000000eb248118,0x00000000eb280000)
  to   space 3072K, 0% used [0x00000000eac80000,0x00000000eac80000,0x00000000eaf80000)
 ParOldGen       total 122368K, used 117814K [0x00000000c0000000, 0x00000000c7780000, 0x00000000eab00000)
  object space 122368K, 96% used [0x00000000c0000000,0x00000000c730d9c0,0x00000000c7780000)
 Metaspace       used 73229K, committed 74496K, reserved 1179648K
  class space    used 7619K, committed 8192K, reserved 1048576K
}
Event: 935.206 GC heap before
{Heap before GC invocations=90 (full 5):
 PSYoungGen      total 4096K, used 3866K [0x00000000eab00000, 0x00000000eb280000, 0x0000000100000000)
  eden space 1536K, 99% used [0x00000000eab00000,0x00000000eac7e728,0x00000000eac80000)
  from space 2560K, 91% used [0x00000000eb000000,0x00000000eb248118,0x00000000eb280000)
  to   space 3072K, 0% used [0x00000000eac80000,0x00000000eac80000,0x00000000eaf80000)
 ParOldGen       total 122368K, used 117814K [0x00000000c0000000, 0x00000000c7780000, 0x00000000eab00000)
  object space 122368K, 96% used [0x00000000c0000000,0x00000000c730d9c0,0x00000000c7780000)
 Metaspace       used 73258K, committed 74496K, reserved 1179648K
  class space    used 7620K, committed 8192K, reserved 1048576K
}
Event: 935.209 GC heap after
{Heap after GC invocations=90 (full 5):
 PSYoungGen      total 4096K, used 2272K [0x00000000eab00000, 0x00000000eb180000, 0x0000000100000000)
  eden space 1536K, 0% used [0x00000000eab00000,0x00000000eab00000,0x00000000eac80000)
  from space 2560K, 88% used [0x00000000eac80000,0x00000000eaeb8000,0x00000000eaf00000)
  to   space 2560K, 0% used [0x00000000eaf00000,0x00000000eaf00000,0x00000000eb180000)
 ParOldGen       total 122368K, used 118662K [0x00000000c0000000, 0x00000000c7780000, 0x00000000eab00000)
  object space 122368K, 96% used [0x00000000c0000000,0x00000000c73e1ad8,0x00000000c7780000)
 Metaspace       used 73258K, committed 74496K, reserved 1179648K
  class space    used 7620K, committed 8192K, reserved 1048576K
}
Event: 935.239 GC heap before
{Heap before GC invocations=91 (full 5):
 PSYoungGen      total 4096K, used 3808K [0x00000000eab00000, 0x00000000eb180000, 0x0000000100000000)
  eden space 1536K, 100% used [0x00000000eab00000,0x00000000eac80000,0x00000000eac80000)
  from space 2560K, 88% used [0x00000000eac80000,0x00000000eaeb8000,0x00000000eaf00000)
  to   space 2560K, 0% used [0x00000000eaf00000,0x00000000eaf00000,0x00000000eb180000)
 ParOldGen       total 122368K, used 118662K [0x00000000c0000000, 0x00000000c7780000, 0x00000000eab00000)
  object space 122368K, 96% used [0x00000000c0000000,0x00000000c73e1ad8,0x00000000c7780000)
 Metaspace       used 73278K, committed 74496K, reserved 1179648K
  class space    used 7622K, committed 8192K, reserved 1048576K
}
Event: 935.243 GC heap after
{Heap after GC invocations=91 (full 5):
 PSYoungGen      total 4096K, used 2304K [0x00000000eab00000, 0x00000000eb180000, 0x0000000100000000)
  eden space 1536K, 0% used [0x00000000eab00000,0x00000000eab00000,0x00000000eac80000)
  from space 2560K, 90% used [0x00000000eaf00000,0x00000000eb140000,0x00000000eb180000)
  to   space 2560K, 0% used [0x00000000eac80000,0x00000000eac80000,0x00000000eaf00000)
 ParOldGen       total 122368K, used 118670K [0x00000000c0000000, 0x00000000c7780000, 0x00000000eab00000)
  object space 122368K, 96% used [0x00000000c0000000,0x00000000c73e3ad8,0x00000000c7780000)
 Metaspace       used 73278K, committed 74496K, reserved 1179648K
  class space    used 7622K, committed 8192K, reserved 1048576K
}
Event: 935.313 GC heap before
{Heap before GC invocations=92 (full 5):
 PSYoungGen      total 4096K, used 3840K [0x00000000eab00000, 0x00000000eb180000, 0x0000000100000000)
  eden space 1536K, 100% used [0x00000000eab00000,0x00000000eac80000,0x00000000eac80000)
  from space 2560K, 90% used [0x00000000eaf00000,0x00000000eb140000,0x00000000eb180000)
  to   space 2560K, 0% used [0x00000000eac80000,0x00000000eac80000,0x00000000eaf00000)
 ParOldGen       total 122368K, used 118670K [0x00000000c0000000, 0x00000000c7780000, 0x00000000eab00000)
  object space 122368K, 96% used [0x00000000c0000000,0x00000000c73e3ad8,0x00000000c7780000)
 Metaspace       used 73291K, committed 74496K, reserved 1179648K
  class space    used 7622K, committed 8192K, reserved 1048576K
}
Event: 935.317 GC heap after
{Heap after GC invocations=92 (full 5):
 PSYoungGen      total 4096K, used 2523K [0x00000000eab00000, 0x00000000eb280000, 0x0000000100000000)
  eden space 1536K, 0% used [0x00000000eab00000,0x00000000eab00000,0x00000000eac80000)
  from space 2560K, 98% used [0x00000000eac80000,0x00000000eaef6e78,0x00000000eaf00000)
  to   space 3072K, 0% used [0x00000000eaf80000,0x00000000eaf80000,0x00000000eb280000)
 ParOldGen       total 122368K, used 118670K [0x00000000c0000000, 0x00000000c7780000, 0x00000000eab00000)
  object space 122368K, 96% used [0x00000000c0000000,0x00000000c73e3ad8,0x00000000c7780000)
 Metaspace       used 73291K, committed 74496K, reserved 1179648K
  class space    used 7622K, committed 8192K, reserved 1048576K
}
Event: 935.345 GC heap before
{Heap before GC invocations=93 (full 5):
 PSYoungGen      total 4096K, used 4059K [0x00000000eab00000, 0x00000000eb280000, 0x0000000100000000)
  eden space 1536K, 100% used [0x00000000eab00000,0x00000000eac80000,0x00000000eac80000)
  from space 2560K, 98% used [0x00000000eac80000,0x00000000eaef6e78,0x00000000eaf00000)
  to   space 3072K, 0% used [0x00000000eaf80000,0x00000000eaf80000,0x00000000eb280000)
 ParOldGen       total 122368K, used 118670K [0x00000000c0000000, 0x00000000c7780000, 0x00000000eab00000)
  object space 122368K, 96% used [0x00000000c0000000,0x00000000c73e3ad8,0x00000000c7780000)
 Metaspace       used 73301K, committed 74496K, reserved 1179648K
  class space    used 7622K, committed 8192K, reserved 1048576K
}
Event: 935.348 GC heap after
{Heap after GC invocations=93 (full 5):
 PSYoungGen      total 4096K, used 2491K [0x00000000eab00000, 0x00000000eb200000, 0x0000000100000000)
  eden space 1536K, 0% used [0x00000000eab00000,0x00000000eab00000,0x00000000eac80000)
  from space 2560K, 97% used [0x00000000eaf80000,0x00000000eb1eee78,0x00000000eb200000)
  to   space 2560K, 0% used [0x00000000eac80000,0x00000000eac80000,0x00000000eaf00000)
 ParOldGen       total 122368K, used 118670K [0x00000000c0000000, 0x00000000c7780000, 0x00000000eab00000)
  object space 122368K, 96% used [0x00000000c0000000,0x00000000c73e3ad8,0x00000000c7780000)
 Metaspace       used 73301K, committed 74496K, reserved 1179648K
  class space    used 7622K, committed 8192K, reserved 1048576K
}
Event: 935.515 GC heap before
{Heap before GC invocations=94 (full 5):
 PSYoungGen      total 4096K, used 4027K [0x00000000eab00000, 0x00000000eb200000, 0x0000000100000000)
  eden space 1536K, 100% used [0x00000000eab00000,0x00000000eac80000,0x00000000eac80000)
  from space 2560K, 97% used [0x00000000eaf80000,0x00000000eb1eee78,0x00000000eb200000)
  to   space 2560K, 0% used [0x00000000eac80000,0x00000000eac80000,0x00000000eaf00000)
 ParOldGen       total 122368K, used 118670K [0x00000000c0000000, 0x00000000c7780000, 0x00000000eab00000)
  object space 122368K, 96% used [0x00000000c0000000,0x00000000c73e3ad8,0x00000000c7780000)
 Metaspace       used 73329K, committed 74560K, reserved 1179648K
  class space    used 7622K, committed 8192K, reserved 1048576K
}
Event: 935.518 GC heap after
{Heap after GC invocations=94 (full 5):
 PSYoungGen      total 4096K, used 2464K [0x00000000eab00000, 0x00000000eb180000, 0x0000000100000000)
  eden space 1536K, 0% used [0x00000000eab00000,0x00000000eab00000,0x00000000eac80000)
  from space 2560K, 96% used [0x00000000eac80000,0x00000000eaee8020,0x00000000eaf00000)
  to   space 2560K, 0% used [0x00000000eaf00000,0x00000000eaf00000,0x00000000eb180000)
 ParOldGen       total 122368K, used 118678K [0x00000000c0000000, 0x00000000c7780000, 0x00000000eab00000)
  object space 122368K, 96% used [0x00000000c0000000,0x00000000c73e5ad8,0x00000000c7780000)
 Metaspace       used 73329K, committed 74560K, reserved 1179648K
  class space    used 7622K, committed 8192K, reserved 1048576K
}
Event: 935.552 GC heap before
{Heap before GC invocations=95 (full 5):
 PSYoungGen      total 4096K, used 4000K [0x00000000eab00000, 0x00000000eb180000, 0x0000000100000000)
  eden space 1536K, 100% used [0x00000000eab00000,0x00000000eac80000,0x00000000eac80000)
  from space 2560K, 96% used [0x00000000eac80000,0x00000000eaee8020,0x00000000eaf00000)
  to   space 2560K, 0% used [0x00000000eaf00000,0x00000000eaf00000,0x00000000eb180000)
 ParOldGen       total 122368K, used 118678K [0x00000000c0000000, 0x00000000c7780000, 0x00000000eab00000)
  object space 122368K, 96% used [0x00000000c0000000,0x00000000c73e5ad8,0x00000000c7780000)
 Metaspace       used 73333K, committed 74560K, reserved 1179648K
  class space    used 7622K, committed 8192K, reserved 1048576K
}
Event: 935.557 GC heap after
{Heap after GC invocations=95 (full 5):
 PSYoungGen      total 4096K, used 2491K [0x00000000eab00000, 0x00000000eb180000, 0x0000000100000000)
  eden space 1536K, 0% used [0x00000000eab00000,0x00000000eab00000,0x00000000eac80000)
  from space 2560K, 97% used [0x00000000eaf00000,0x00000000eb16ee78,0x00000000eb180000)
  to   space 2560K, 0% used [0x00000000eac80000,0x00000000eac80000,0x00000000eaf00000)
 ParOldGen       total 122368K, used 118678K [0x00000000c0000000, 0x00000000c7780000, 0x00000000eab00000)
  object space 122368K, 96% used [0x00000000c0000000,0x00000000c73e5ad8,0x00000000c7780000)
 Metaspace       used 73333K, committed 74560K, reserved 1179648K
  class space    used 7622K, committed 8192K, reserved 1048576K
}
Event: 935.648 GC heap before
{Heap before GC invocations=96 (full 5):
 PSYoungGen      total 4096K, used 4027K [0x00000000eab00000, 0x00000000eb180000, 0x0000000100000000)
  eden space 1536K, 100% used [0x00000000eab00000,0x00000000eac80000,0x00000000eac80000)
  from space 2560K, 97% used [0x00000000eaf00000,0x00000000eb16ee78,0x00000000eb180000)
  to   space 2560K, 0% used [0x00000000eac80000,0x00000000eac80000,0x00000000eaf00000)
 ParOldGen       total 122368K, used 118678K [0x00000000c0000000, 0x00000000c7780000, 0x00000000eab00000)
  object space 122368K, 96% used [0x00000000c0000000,0x00000000c73e5ad8,0x00000000c7780000)
 Metaspace       used 73418K, committed 74688K, reserved 1179648K
  class space    used 7628K, committed 8192K, reserved 1048576K
}
Event: 935.652 GC heap after
{Heap after GC invocations=96 (full 5):
 PSYoungGen      total 4096K, used 2299K [0x00000000eab00000, 0x00000000eb180000, 0x0000000100000000)
  eden space 1536K, 0% used [0x00000000eab00000,0x00000000eab00000,0x00000000eac80000)
  from space 2560K, 89% used [0x00000000eac80000,0x00000000eaebee58,0x00000000eaf00000)
  to   space 2560K, 0% used [0x00000000eaf00000,0x00000000eaf00000,0x00000000eb180000)
 ParOldGen       total 122368K, used 118678K [0x00000000c0000000, 0x00000000c7780000, 0x00000000eab00000)
  object space 122368K, 96% used [0x00000000c0000000,0x00000000c73e5ad8,0x00000000c7780000)
 Metaspace       used 73418K, committed 74688K, reserved 1179648K
  class space    used 7628K, committed 8192K, reserved 1048576K
}
Event: 935.745 GC heap before
{Heap before GC invocations=97 (full 5):
 PSYoungGen      total 4096K, used 3835K [0x00000000eab00000, 0x00000000eb180000, 0x0000000100000000)
  eden space 1536K, 100% used [0x00000000eab00000,0x00000000eac80000,0x00000000eac80000)
  from space 2560K, 89% used [0x00000000eac80000,0x00000000eaebee58,0x00000000eaf00000)
  to   space 2560K, 0% used [0x00000000eaf00000,0x00000000eaf00000,0x00000000eb180000)
 ParOldGen       total 122368K, used 118678K [0x00000000c0000000, 0x00000000c7780000, 0x00000000eab00000)
  object space 122368K, 96% used [0x00000000c0000000,0x00000000c73e5ad8,0x00000000c7780000)
 Metaspace       used 73448K, committed 74752K, reserved 1179648K
  class space    used 7633K, committed 8192K, reserved 1048576K
}
Event: 935.748 GC heap after
{Heap after GC invocations=97 (full 5):
 PSYoungGen      total 3584K, used 2551K [0x00000000eab00000, 0x00000000eb280000, 0x0000000100000000)
  eden space 1024K, 0% used [0x00000000eab00000,0x00000000eab00000,0x00000000eac00000)
  from space 2560K, 99% used [0x00000000eaf00000,0x00000000eb17dcd0,0x00000000eb180000)
  to   space 3072K, 0% used [0x00000000eac00000,0x00000000eac00000,0x00000000eaf00000)
 ParOldGen       total 122368K, used 118798K [0x00000000c0000000, 0x00000000c7780000, 0x00000000eab00000)
  object space 122368K, 97% used [0x00000000c0000000,0x00000000c7403ad8,0x00000000c7780000)
 Metaspace       used 73448K, committed 74752K, reserved 1179648K
  class space    used 7633K, committed 8192K, reserved 1048576K
}
Event: 935.769 GC heap before
{Heap before GC invocations=98 (full 5):
 PSYoungGen      total 3584K, used 3575K [0x00000000eab00000, 0x00000000eb280000, 0x0000000100000000)
  eden space 1024K, 99% used [0x00000000eab00000,0x00000000eabfffd8,0x00000000eac00000)
  from space 2560K, 99% used [0x00000000eaf00000,0x00000000eb17dcd0,0x00000000eb180000)
  to   space 3072K, 0% used [0x00000000eac00000,0x00000000eac00000,0x00000000eaf00000)
 ParOldGen       total 122368K, used 118798K [0x00000000c0000000, 0x00000000c7780000, 0x00000000eab00000)
  object space 122368K, 97% used [0x00000000c0000000,0x00000000c7403ad8,0x00000000c7780000)
 Metaspace       used 73455K, committed 74752K, reserved 1179648K
  class space    used 7633K, committed 8192K, reserved 1048576K
}
Event: 935.773 GC heap after
{Heap after GC invocations=98 (full 5):
 PSYoungGen      total 2048K, used 715K [0x00000000eab00000, 0x00000000eaf80000, 0x0000000100000000)
  eden space 1024K, 0% used [0x00000000eab00000,0x00000000eab00000,0x00000000eac00000)
  from space 1024K, 69% used [0x00000000eac00000,0x00000000eacb2e88,0x00000000ead00000)
  to   space 1536K, 0% used [0x00000000eae00000,0x00000000eae00000,0x00000000eaf80000)
 ParOldGen       total 122368K, used 120950K [0x00000000c0000000, 0x00000000c7780000, 0x00000000eab00000)
  object space 122368K, 98% used [0x00000000c0000000,0x00000000c761dad8,0x00000000c7780000)
 Metaspace       used 73455K, committed 74752K, reserved 1179648K
  class space    used 7633K, committed 8192K, reserved 1048576K
}
Event: 935.773 GC heap before
{Heap before GC invocations=99 (full 6):
 PSYoungGen      total 2048K, used 715K [0x00000000eab00000, 0x00000000eaf80000, 0x0000000100000000)
  eden space 1024K, 0% used [0x00000000eab00000,0x00000000eab00000,0x00000000eac00000)
  from space 1024K, 69% used [0x00000000eac00000,0x00000000eacb2e88,0x00000000ead00000)
  to   space 1536K, 0% used [0x00000000eae00000,0x00000000eae00000,0x00000000eaf80000)
 ParOldGen       total 122368K, used 120950K [0x00000000c0000000, 0x00000000c7780000, 0x00000000eab00000)
  object space 122368K, 98% used [0x00000000c0000000,0x00000000c761dad8,0x00000000c7780000)
 Metaspace       used 73455K, committed 74752K, reserved 1179648K
  class space    used 7633K, committed 8192K, reserved 1048576K
}

Dll operation events (10 events):
Event: 0.013 Loaded shared library c:\Users\Welcome\.vscode\extensions\redhat.java-1.29.0-win32-x64\jre\17.0.10-win32-x86_64\bin\java.dll
Event: 0.293 Loaded shared library c:\Users\Welcome\.vscode\extensions\redhat.java-1.29.0-win32-x64\jre\17.0.10-win32-x86_64\bin\zip.dll
Event: 0.301 Loaded shared library C:\Users\Welcome\.vscode\extensions\redhat.java-1.29.0-win32-x64\jre\17.0.10-win32-x86_64\bin\instrument.dll
Event: 0.325 Loaded shared library C:\Users\Welcome\.vscode\extensions\redhat.java-1.29.0-win32-x64\jre\17.0.10-win32-x86_64\bin\net.dll
Event: 0.327 Loaded shared library C:\Users\Welcome\.vscode\extensions\redhat.java-1.29.0-win32-x64\jre\17.0.10-win32-x86_64\bin\nio.dll
Event: 0.336 Loaded shared library C:\Users\Welcome\.vscode\extensions\redhat.java-1.29.0-win32-x64\jre\17.0.10-win32-x86_64\bin\zip.dll
Event: 0.360 Loaded shared library C:\Users\Welcome\.vscode\extensions\redhat.java-1.29.0-win32-x64\jre\17.0.10-win32-x86_64\bin\jimage.dll
Event: 0.474 Loaded shared library c:\Users\Welcome\.vscode\extensions\redhat.java-1.29.0-win32-x64\jre\17.0.10-win32-x86_64\bin\verify.dll
Event: 7.722 Loaded shared library C:\Users\Welcome\AppData\Roaming\Code\User\globalStorage\redhat.java\1.29.0\config_win\org.eclipse.equinox.launcher\org.eclipse.equinox.launcher.win32.win32.x86_64_1.2.900.v20240213-1244\eclipse_11900.dll
Event: 26.662 Loaded shared library C:\Users\Welcome\AppData\Local\Temp\jna-65915459\jna16101297949168220636.dll

Deoptimization events (20 events):
Event: 330.619 Thread 0x0000022b3bcd5ba0 DEOPT PACKING pc=0x0000022b25d6f3e0 sp=0x0000002dd11fed40
Event: 330.619 Thread 0x0000022b3bcd5ba0 DEOPT UNPACKING pc=0x0000022b2c726e43 sp=0x0000002dd11fe288 mode 0
Event: 935.201 Thread 0x0000022b3d4428f0 Uncommon trap: trap_request=0xffffff45 fr.pc=0x0000022b2d084458 relative=0x0000000000000298
Event: 935.201 Thread 0x0000022b3d4428f0 Uncommon trap: reason=unstable_if action=reinterpret pc=0x0000022b2d084458 method=java.lang.CharacterDataLatin1.digit(II)I @ 12 c2
Event: 935.201 Thread 0x0000022b3d4428f0 DEOPT PACKING pc=0x0000022b2d084458 sp=0x0000002dcf4fedc0
Event: 935.201 Thread 0x0000022b3d4428f0 DEOPT UNPACKING pc=0x0000022b2c7266a3 sp=0x0000002dcf4feb78 mode 2
Event: 935.217 Thread 0x0000022b3d4428f0 Uncommon trap: trap_request=0xffffffde fr.pc=0x0000022b2cecdd40 relative=0x00000000000001a0
Event: 935.217 Thread 0x0000022b3d4428f0 Uncommon trap: reason=class_check action=maybe_recompile pc=0x0000022b2cecdd40 method=java.util.Arrays$ArrayList.indexOf(Ljava/lang/Object;)I @ 46 c2
Event: 935.217 Thread 0x0000022b3d4428f0 DEOPT PACKING pc=0x0000022b2cecdd40 sp=0x0000002dcf4febb0
Event: 935.217 Thread 0x0000022b3d4428f0 DEOPT UNPACKING pc=0x0000022b2c7266a3 sp=0x0000002dcf4feae0 mode 2
Event: 935.217 Thread 0x0000022b3d4428f0 Uncommon trap: trap_request=0xffffffde fr.pc=0x0000022b2cecdd40 relative=0x00000000000001a0
Event: 935.217 Thread 0x0000022b3d4428f0 Uncommon trap: reason=class_check action=maybe_recompile pc=0x0000022b2cecdd40 method=java.util.Arrays$ArrayList.indexOf(Ljava/lang/Object;)I @ 46 c2
Event: 935.217 Thread 0x0000022b3d4428f0 DEOPT PACKING pc=0x0000022b2cecdd40 sp=0x0000002dcf4fec30
Event: 935.217 Thread 0x0000022b3d4428f0 DEOPT UNPACKING pc=0x0000022b2c7266a3 sp=0x0000002dcf4feb60 mode 2
Event: 935.619 Thread 0x0000022b3d4419c0 Uncommon trap: trap_request=0xfffffff4 fr.pc=0x0000022b2cec3938 relative=0x0000000000000358
Event: 935.619 Thread 0x0000022b3d4419c0 Uncommon trap: reason=null_check action=make_not_entrant pc=0x0000022b2cec3938 method=org.eclipse.jdt.internal.core.JavaElement.openWhenClosed(Lorg/eclipse/jdt/internal/compiler/env/IElementInfo;ZLorg/eclipse/core/runtime/IProgressMonitor;)Lorg/eclipse/jd
Event: 935.619 Thread 0x0000022b3d4419c0 DEOPT PACKING pc=0x0000022b2cec3938 sp=0x0000002dcf5fde10
Event: 935.619 Thread 0x0000022b3d4419c0 DEOPT UNPACKING pc=0x0000022b2c7266a3 sp=0x0000002dcf5fdd18 mode 2
Event: 935.761 Thread 0x0000022b3d4414b0 DEOPT PACKING pc=0x0000022b2640616e sp=0x0000002dd0efe030
Event: 935.761 Thread 0x0000022b3d4414b0 DEOPT UNPACKING pc=0x0000022b2c726e43 sp=0x0000002dd0efd590 mode 0

Classes unloaded (19 events):
Event: 24.526 Thread 0x0000022b225b52e0 Unloading class 0x000000010024b400 'java/lang/invoke/LambdaForm$MH+0x000000010024b400'
Event: 24.526 Thread 0x0000022b225b52e0 Unloading class 0x000000010024b000 'java/lang/invoke/LambdaForm$MH+0x000000010024b000'
Event: 24.526 Thread 0x0000022b225b52e0 Unloading class 0x000000010024ac00 'java/lang/invoke/LambdaForm$MH+0x000000010024ac00'
Event: 24.526 Thread 0x0000022b225b52e0 Unloading class 0x000000010024a800 'java/lang/invoke/LambdaForm$MH+0x000000010024a800'
Event: 24.526 Thread 0x0000022b225b52e0 Unloading class 0x000000010024a400 'java/lang/invoke/LambdaForm$BMH+0x000000010024a400'
Event: 24.526 Thread 0x0000022b225b52e0 Unloading class 0x000000010024a000 'java/lang/invoke/LambdaForm$DMH+0x000000010024a000'
Event: 24.526 Thread 0x0000022b225b52e0 Unloading class 0x0000000100244400 'java/lang/invoke/LambdaForm$DMH+0x0000000100244400'
Event: 32.803 Thread 0x0000022b225b52e0 Unloading class 0x000000010039d800 'java/lang/invoke/LambdaForm$MH+0x000000010039d800'
Event: 32.803 Thread 0x0000022b225b52e0 Unloading class 0x000000010039cc00 'java/lang/invoke/LambdaForm$MH+0x000000010039cc00'
Event: 32.803 Thread 0x0000022b225b52e0 Unloading class 0x000000010039c400 'java/lang/invoke/LambdaForm$MH+0x000000010039c400'
Event: 32.803 Thread 0x0000022b225b52e0 Unloading class 0x000000010039bc00 'java/lang/invoke/LambdaForm$DMH+0x000000010039bc00'
Event: 32.803 Thread 0x0000022b225b52e0 Unloading class 0x000000010039b400 'java/lang/invoke/LambdaForm$MH+0x000000010039b400'
Event: 40.618 Thread 0x0000022b225b52e0 Unloading class 0x0000000100704000 'java/lang/invoke/LambdaForm$DMH+0x0000000100704000'
Event: 40.618 Thread 0x0000022b225b52e0 Unloading class 0x00000001006f9000 'java/lang/invoke/LambdaForm$DMH+0x00000001006f9000'
Event: 935.850 Thread 0x0000022b225b52e0 Unloading class 0x0000000100129000 'jdk/internal/reflect/GeneratedMethodAccessor5'
Event: 935.850 Thread 0x0000022b225b52e0 Unloading class 0x0000000100128c00 'jdk/internal/reflect/GeneratedMethodAccessor4'
Event: 935.850 Thread 0x0000022b225b52e0 Unloading class 0x0000000100128800 'jdk/internal/reflect/GeneratedMethodAccessor3'
Event: 935.850 Thread 0x0000022b225b52e0 Unloading class 0x0000000100128400 'jdk/internal/reflect/GeneratedMethodAccessor2'
Event: 935.850 Thread 0x0000022b225b52e0 Unloading class 0x0000000100128000 'jdk/internal/reflect/GeneratedMethodAccessor1'

Classes redefined (0 events):
No events

Internal exceptions (20 events):
Event: 41.672 Thread 0x0000022b3d4419c0 Exception <a 'sun/nio/fs/WindowsException'{0x00000000eaf48d40}> (0x00000000eaf48d40) 
thrown [s\src\hotspot\share\prims\jni.cpp, line 516]
Event: 41.895 Thread 0x0000022b3d4419c0 Exception <a 'sun/nio/fs/WindowsException'{0x00000000eab04500}> (0x00000000eab04500) 
thrown [s\src\hotspot\share\prims\jni.cpp, line 516]
Event: 41.919 Thread 0x0000022b3d4419c0 Exception <a 'sun/nio/fs/WindowsException'{0x00000000eac5d7c8}> (0x00000000eac5d7c8) 
thrown [s\src\hotspot\share\prims\jni.cpp, line 516]
Event: 41.996 Thread 0x0000022b3d4419c0 Exception <a 'sun/nio/fs/WindowsException'{0x00000000eae051f8}> (0x00000000eae051f8) 
thrown [s\src\hotspot\share\prims\jni.cpp, line 516]
Event: 42.010 Thread 0x0000022b3d4419c0 Exception <a 'sun/nio/fs/WindowsException'{0x00000000eae74260}> (0x00000000eae74260) 
thrown [s\src\hotspot\share\prims\jni.cpp, line 516]
Event: 42.065 Thread 0x0000022b3d4419c0 Exception <a 'sun/nio/fs/WindowsException'{0x00000000eab41e50}> (0x00000000eab41e50) 
thrown [s\src\hotspot\share\prims\jni.cpp, line 516]
Event: 42.075 Thread 0x0000022b3d4419c0 Exception <a 'sun/nio/fs/WindowsException'{0x00000000eab5ffd8}> (0x00000000eab5ffd8) 
thrown [s\src\hotspot\share\prims\jni.cpp, line 516]
Event: 42.086 Thread 0x0000022b3d440070 Exception <a 'java/lang/NoSuchMethodError'{0x00000000eabb1fe8}: 'void java.lang.invoke.DirectMethodHandle$Holder.invokeSpecial(java.lang.Object, java.lang.Object, int)'> (0x00000000eabb1fe8) 
thrown [s\src\hotspot\share\interpreter\linkResolver.cpp, line 759]
Event: 42.088 Thread 0x0000022b3d4419c0 Exception <a 'sun/nio/fs/WindowsException'{0x00000000eabbf908}> (0x00000000eabbf908) 
thrown [s\src\hotspot\share\prims\jni.cpp, line 516]
Event: 42.095 Thread 0x0000022b3d4419c0 Exception <a 'sun/nio/fs/WindowsException'{0x00000000eabeb8d0}> (0x00000000eabeb8d0) 
thrown [s\src\hotspot\share\prims\jni.cpp, line 516]
Event: 42.122 Thread 0x0000022b3d4419c0 Exception <a 'sun/nio/fs/WindowsException'{0x00000000eacb6be8}> (0x00000000eacb6be8) 
thrown [s\src\hotspot\share\prims\jni.cpp, line 516]
Event: 42.131 Thread 0x0000022b3d4419c0 Exception <a 'sun/nio/fs/WindowsException'{0x00000000eacc8828}> (0x00000000eacc8828) 
thrown [s\src\hotspot\share\prims\jni.cpp, line 516]
Event: 42.148 Thread 0x0000022b3bcd65c0 Exception <a 'java/lang/NoSuchMethodError'{0x00000000ead18058}: 'java.lang.Object java.lang.invoke.DirectMethodHandle$Holder.newInvokeSpecial(java.lang.Object, java.lang.Object, java.lang.Object, java.lang.Object, java.lang.Object, java.lang.Object)'> (0x00000000ead18058) 
thrown [s\src\hotspot\share\interpreter\linkResolver.cpp, line 759]
Event: 42.207 Thread 0x0000022b3d440070 Exception <a 'java/lang/NoSuchMethodError'{0x00000000eaeae118}: 'java.lang.Object java.lang.invoke.DirectMethodHandle$Holder.invokeSpecial(java.lang.Object, java.lang.Object, long, java.lang.Object, java.lang.Object, java.lang.Object, java.lang.Object, java.lang.Object, java.lang.Object, java.lang.Object, java.lang.Object, java.lang.Object)'> (0x00000000eaeae118) 
thrown [s\src\hotspot\share\interpreter\linkResolver.cpp, line 759]
Event: 42.207 Thread 0x0000022b3d440070 Exception <a 'java/lang/NoSuchMethodError'{0x00000000eaeb2af8}: 'java.lang.Object java.lang.invoke.DelegatingMethodHandle$Holder.reinvoke_L(java.lang.Object, long, java.lang.Object, java.lang.Object, java.lang.Object, java.lang.Object, java.lang.Object, java.lang.Object, java.lang.Object, java.lang.Object, java.lang.Object)'> (0x00000000eaeb2af8) 
thrown [s\src\hotspot\share\interpreter\linkResolver.cpp, line 759]
Event: 42.213 Thread 0x0000022b3d440070 Exception <a 'java/lang/NoSuchMethodError'{0x00000000eaee26f0}: 'java.lang.Object java.lang.invoke.DirectMethodHandle$Holder.invokeSpecial(java.lang.Object, java.lang.Object, java.lang.Object, java.lang.Object, java.lang.Object, java.lang.Object, java.lang.Object, java.lang.Object, java.lang.Object, java.lang.Object, java.lang.Object)'> (0x00000000eaee26f0) 
thrown [s\src\hotspot\share\interpreter\linkResolver.cpp, line 759]
Event: 42.213 Thread 0x0000022b3d440070 Exception <a 'java/lang/NoSuchMethodError'{0x00000000eaee70e8}: 'java.lang.Object java.lang.invoke.Invokers$Holder.linkToTargetMethod(java.lang.Object, java.lang.Object, java.lang.Object, java.lang.Object, java.lang.Object, java.lang.Object, java.lang.Object, java.lang.Object, java.lang.Object, java.lang.Object)'> (0x00000000eaee70e8) 
thrown [s\src\hotspot\share\interpreter\linkResolver.cpp, line 759]
Event: 330.625 Thread 0x0000022b3bcd5ba0 Exception <a 'java/lang/NoSuchMethodError'{0x00000000eab187c0}: 'java.lang.Object java.lang.invoke.DirectMethodHandle$Holder.newInvokeSpecial(java.lang.Object, java.lang.Object, java.lang.Object, java.lang.Object, java.lang.Object, java.lang.Object, java.lang.Object, java.lang.Object)'> (0x00000000eab187c0) 
thrown [s\src\hotspot\share\interpreter\linkResolver.cpp, line 759]
Event: 330.626 Thread 0x0000022b3bcd5ba0 Exception <a 'java/lang/NoSuchMethodError'{0x00000000eab1d920}: 'java.lang.Object java.lang.invoke.Invokers$Holder.linkToTargetMethod(java.lang.Object, java.lang.Object, java.lang.Object, java.lang.Object, java.lang.Object, java.lang.Object, java.lang.Object, java.lang.Object)'> (0x00000000eab1d920) 
thrown [s\src\hotspot\share\interpreter\linkResolver.cpp, line 759]
Event: 935.619 Thread 0x0000022b3d4419c0 Implicit null exception at 0x0000022b2cec3767 to 0x0000022b2cec3928

VM Operations (20 events):
Event: 901.546 Executing VM operation: HandshakeAllThreads done
Event: 935.205 Executing VM operation: ParallelGCFailedAllocation
Event: 935.210 Executing VM operation: ParallelGCFailedAllocation done
Event: 935.239 Executing VM operation: ParallelGCFailedAllocation
Event: 935.243 Executing VM operation: ParallelGCFailedAllocation done
Event: 935.313 Executing VM operation: ParallelGCFailedAllocation
Event: 935.317 Executing VM operation: ParallelGCFailedAllocation done
Event: 935.345 Executing VM operation: ParallelGCFailedAllocation
Event: 935.348 Executing VM operation: ParallelGCFailedAllocation done
Event: 935.515 Executing VM operation: ParallelGCFailedAllocation
Event: 935.518 Executing VM operation: ParallelGCFailedAllocation done
Event: 935.520 Executing VM operation: HandshakeAllThreads
Event: 935.520 Executing VM operation: HandshakeAllThreads done
Event: 935.552 Executing VM operation: ParallelGCFailedAllocation
Event: 935.560 Executing VM operation: ParallelGCFailedAllocation done
Event: 935.648 Executing VM operation: ParallelGCFailedAllocation
Event: 935.653 Executing VM operation: ParallelGCFailedAllocation done
Event: 935.743 Executing VM operation: ParallelGCFailedAllocation
Event: 935.749 Executing VM operation: ParallelGCFailedAllocation done
Event: 935.769 Executing VM operation: ParallelGCFailedAllocation

Events (20 events):
Event: 935.543 Thread 0x0000022b3b5bf3c0 flushing nmethod 0x0000022b2613a790
Event: 935.543 Thread 0x0000022b3b5bf3c0 flushing nmethod 0x0000022b26152790
Event: 935.543 Thread 0x0000022b3b5bf3c0 flushing nmethod 0x0000022b26153090
Event: 935.544 Thread 0x0000022b3b5bf3c0 flushing nmethod 0x0000022b262fc190
Event: 935.545 Thread 0x0000022b3b5bf3c0 flushing nmethod 0x0000022b2634a690
Event: 935.545 Thread 0x0000022b3b5bf3c0 flushing nmethod 0x0000022b2634ae90
Event: 935.545 Thread 0x0000022b3b5bf3c0 flushing nmethod 0x0000022b2634e110
Event: 935.545 Thread 0x0000022b3b5bf3c0 flushing nmethod 0x0000022b26351290
Event: 935.545 Thread 0x0000022b3b5bf3c0 flushing nmethod 0x0000022b263a9910
Event: 935.545 Thread 0x0000022b3b5bf3c0 flushing nmethod 0x0000022b263c1510
Event: 935.545 Thread 0x0000022b3b5bf3c0 flushing nmethod 0x0000022b263c4a90
Event: 935.545 Thread 0x0000022b3b5bf3c0 flushing nmethod 0x0000022b263f6c90
Event: 935.545 Thread 0x0000022b3b5bf3c0 flushing nmethod 0x0000022b26400c90
Event: 935.545 Thread 0x0000022b3b5bf3c0 flushing nmethod 0x0000022b26422510
Event: 935.546 Thread 0x0000022b3b5bf3c0 flushing nmethod 0x0000022b2646fe90
Event: 935.546 Thread 0x0000022b3b5bf3c0 flushing nmethod 0x0000022b26489890
Event: 935.546 Thread 0x0000022b3b5bf3c0 flushing nmethod 0x0000022b26492810
Event: 935.558 Thread 0x0000022b3d4414b0 Thread added: 0x0000022b3d4414b0
Event: 935.605 Thread 0x0000022b401b7960 Thread exited: 0x0000022b401b7960
Event: 935.626 Thread 0x0000022b3e31c7a0 Thread added: 0x0000022b3e31c7a0


Dynamic libraries:
0x00007ff6c0300000 - 0x00007ff6c030e000 	c:\Users\Welcome\.vscode\extensions\redhat.java-1.29.0-win32-x64\jre\17.0.10-win32-x86_64\bin\java.exe
0x00007ffa42ef0000 - 0x00007ffa430e8000 	C:\WINDOWS\SYSTEM32\ntdll.dll
0x00007ffa427b0000 - 0x00007ffa4286d000 	C:\WINDOWS\System32\KERNEL32.DLL
0x00007ffa40840000 - 0x00007ffa40b36000 	C:\WINDOWS\System32\KERNELBASE.dll
0x00007ffa40740000 - 0x00007ffa40840000 	C:\WINDOWS\System32\ucrtbase.dll
0x00007ffa395c0000 - 0x00007ffa395db000 	c:\Users\Welcome\.vscode\extensions\redhat.java-1.29.0-win32-x64\jre\17.0.10-win32-x86_64\bin\VCRUNTIME140.dll
0x00007ffa30960000 - 0x00007ffa30977000 	c:\Users\Welcome\.vscode\extensions\redhat.java-1.29.0-win32-x64\jre\17.0.10-win32-x86_64\bin\jli.dll
0x00007ffa417f0000 - 0x00007ffa4198f000 	C:\WINDOWS\System32\USER32.dll
0x00007ffa40da0000 - 0x00007ffa40dc2000 	C:\WINDOWS\System32\win32u.dll
0x00007ffa3f8a0000 - 0x00007ffa3fb3a000 	C:\WINDOWS\WinSxS\amd64_microsoft.windows.common-controls_6595b64144ccf1df_6.0.19041.3636_none_60b6a03d71f818d5\COMCTL32.dll
0x00007ffa41710000 - 0x00007ffa4173b000 	C:\WINDOWS\System32\GDI32.dll
0x00007ffa40e00000 - 0x00007ffa40f17000 	C:\WINDOWS\System32\gdi32full.dll
0x00007ffa42d70000 - 0x00007ffa42e0e000 	C:\WINDOWS\System32\msvcrt.dll
0x00007ffa40630000 - 0x00007ffa406cd000 	C:\WINDOWS\System32\msvcp_win.dll
0x00007ffa415f0000 - 0x00007ffa41622000 	C:\WINDOWS\System32\IMM32.DLL
0x00007ffa395b0000 - 0x00007ffa395bc000 	c:\Users\Welcome\.vscode\extensions\redhat.java-1.29.0-win32-x64\jre\17.0.10-win32-x86_64\bin\vcruntime140_1.dll
0x00007ffa17da0000 - 0x00007ffa17e2d000 	c:\Users\Welcome\.vscode\extensions\redhat.java-1.29.0-win32-x64\jre\17.0.10-win32-x86_64\bin\msvcp140.dll
0x00007ff9d1bc0000 - 0x00007ff9d2822000 	c:\Users\Welcome\.vscode\extensions\redhat.java-1.29.0-win32-x64\jre\17.0.10-win32-x86_64\bin\server\jvm.dll
0x00007ffa41990000 - 0x00007ffa41a40000 	C:\WINDOWS\System32\ADVAPI32.dll
0x00007ffa42e10000 - 0x00007ffa42eb0000 	C:\WINDOWS\System32\sechost.dll
0x00007ffa42680000 - 0x00007ffa427a3000 	C:\WINDOWS\System32\RPCRT4.dll
0x00007ffa40dd0000 - 0x00007ffa40df7000 	C:\WINDOWS\System32\bcrypt.dll
0x00007ffa253a0000 - 0x00007ffa253a9000 	C:\WINDOWS\SYSTEM32\WSOCK32.dll
0x00007ffa40400000 - 0x00007ffa4044b000 	C:\WINDOWS\SYSTEM32\POWRPROF.dll
0x00007ffa42350000 - 0x00007ffa423bb000 	C:\WINDOWS\System32\WS2_32.dll
0x00007ffa10ce0000 - 0x00007ffa10d07000 	C:\WINDOWS\SYSTEM32\WINMM.dll
0x00007ffa305b0000 - 0x00007ffa305ba000 	C:\WINDOWS\SYSTEM32\VERSION.dll
0x00007ffa403e0000 - 0x00007ffa403f2000 	C:\WINDOWS\SYSTEM32\UMPDC.dll
0x00007ffa3e750000 - 0x00007ffa3e762000 	C:\WINDOWS\SYSTEM32\kernel.appcore.dll
0x00007ffa30690000 - 0x00007ffa3069a000 	c:\Users\Welcome\.vscode\extensions\redhat.java-1.29.0-win32-x64\jre\17.0.10-win32-x86_64\bin\jimage.dll
0x00007ffa3ffb0000 - 0x00007ffa40194000 	C:\WINDOWS\SYSTEM32\DBGHELP.DLL
0x00007ffa3fd40000 - 0x00007ffa3fd74000 	C:\WINDOWS\SYSTEM32\dbgcore.DLL
0x00007ffa405a0000 - 0x00007ffa40622000 	C:\WINDOWS\System32\bcryptPrimitives.dll
0x00007ffa30680000 - 0x00007ffa3068e000 	c:\Users\Welcome\.vscode\extensions\redhat.java-1.29.0-win32-x64\jre\17.0.10-win32-x86_64\bin\instrument.dll
0x00007ffa21510000 - 0x00007ffa21535000 	c:\Users\Welcome\.vscode\extensions\redhat.java-1.29.0-win32-x64\jre\17.0.10-win32-x86_64\bin\java.dll
0x00007ffa23240000 - 0x00007ffa23258000 	c:\Users\Welcome\.vscode\extensions\redhat.java-1.29.0-win32-x64\jre\17.0.10-win32-x86_64\bin\zip.dll
0x00007ffa41b80000 - 0x00007ffa422eb000 	C:\WINDOWS\System32\SHELL32.dll
0x00007ffa3dfa0000 - 0x00007ffa3e73e000 	C:\WINDOWS\SYSTEM32\windows.storage.dll
0x00007ffa41160000 - 0x00007ffa414b3000 	C:\WINDOWS\System32\combase.dll
0x00007ffa3f870000 - 0x00007ffa3f89e000 	C:\WINDOWS\SYSTEM32\Wldp.dll
0x00007ffa41030000 - 0x00007ffa410fd000 	C:\WINDOWS\System32\OLEAUT32.dll
0x00007ffa423c0000 - 0x00007ffa4246d000 	C:\WINDOWS\System32\SHCORE.dll
0x00007ffa42620000 - 0x00007ffa42675000 	C:\WINDOWS\System32\shlwapi.dll
0x00007ffa404d0000 - 0x00007ffa404f3000 	C:\WINDOWS\SYSTEM32\profapi.dll
0x00007ffa21640000 - 0x00007ffa21659000 	C:\Users\Welcome\.vscode\extensions\redhat.java-1.29.0-win32-x64\jre\17.0.10-win32-x86_64\bin\net.dll
0x00007ffa3a960000 - 0x00007ffa3aa6a000 	C:\WINDOWS\SYSTEM32\WINHTTP.dll
0x00007ffa3f700000 - 0x00007ffa3f76a000 	C:\WINDOWS\system32\mswsock.dll
0x00007ffa1f6e0000 - 0x00007ffa1f6f6000 	C:\Users\Welcome\.vscode\extensions\redhat.java-1.29.0-win32-x64\jre\17.0.10-win32-x86_64\bin\nio.dll
0x00007ffa2b790000 - 0x00007ffa2b7a0000 	c:\Users\Welcome\.vscode\extensions\redhat.java-1.29.0-win32-x64\jre\17.0.10-win32-x86_64\bin\verify.dll
0x00007ffa1ed50000 - 0x00007ffa1ed8e000 	C:\Users\Welcome\AppData\Roaming\Code\User\globalStorage\redhat.java\1.29.0\config_win\org.eclipse.equinox.launcher\org.eclipse.equinox.launcher.win32.win32.x86_64_1.2.900.v20240213-1244\eclipse_11900.dll
0x00007ffa41a50000 - 0x00007ffa41b7b000 	C:\WINDOWS\System32\ole32.dll
0x00007ffa3fd20000 - 0x00007ffa3fd38000 	C:\WINDOWS\SYSTEM32\CRYPTSP.dll
0x00007ffa3ef40000 - 0x00007ffa3ef74000 	C:\WINDOWS\system32\rsaenh.dll
0x00007ffa40490000 - 0x00007ffa404be000 	C:\WINDOWS\SYSTEM32\USERENV.dll
0x00007ffa3f6a0000 - 0x00007ffa3f6ac000 	C:\WINDOWS\SYSTEM32\CRYPTBASE.dll
0x00007ffa3f2a0000 - 0x00007ffa3f2db000 	C:\WINDOWS\SYSTEM32\IPHLPAPI.DLL
0x00007ffa40f20000 - 0x00007ffa40f28000 	C:\WINDOWS\System32\NSI.dll
0x00007ffa34f60000 - 0x00007ffa34f77000 	C:\WINDOWS\SYSTEM32\dhcpcsvc6.DLL
0x00007ffa35430000 - 0x00007ffa3544d000 	C:\WINDOWS\SYSTEM32\dhcpcsvc.DLL
0x00007ffa3f2e0000 - 0x00007ffa3f3ab000 	C:\WINDOWS\SYSTEM32\DNSAPI.dll
0x00007ffa17d00000 - 0x00007ffa17d45000 	C:\Users\Welcome\AppData\Local\Temp\jna-65915459\jna16101297949168220636.dll
0x00007ffa415e0000 - 0x00007ffa415e8000 	C:\WINDOWS\System32\PSAPI.DLL

dbghelp: loaded successfully - version: 4.0.5 - missing functions: none
symbol engine: initialized successfully - sym options: 0x614 - pdb path: .;c:\Users\Welcome\.vscode\extensions\redhat.java-1.29.0-win32-x64\jre\17.0.10-win32-x86_64\bin;C:\WINDOWS\SYSTEM32;C:\WINDOWS\WinSxS\amd64_microsoft.windows.common-controls_6595b64144ccf1df_6.0.19041.3636_none_60b6a03d71f818d5;c:\Users\Welcome\.vscode\extensions\redhat.java-1.29.0-win32-x64\jre\17.0.10-win32-x86_64\bin\server;C:\Users\Welcome\AppData\Roaming\Code\User\globalStorage\redhat.java\1.29.0\config_win\org.eclipse.equinox.launcher\org.eclipse.equinox.launcher.win32.win32.x86_64_1.2.900.v20240213-1244;C:\Users\Welcome\AppData\Local\Temp\jna-65915459

VM Arguments:
jvm_args: --add-modules=ALL-SYSTEM --add-opens=java.base/java.util=ALL-UNNAMED --add-opens=java.base/java.lang=ALL-UNNAMED --add-opens=java.base/sun.nio.fs=ALL-UNNAMED -Declipse.application=org.eclipse.jdt.ls.core.id1 -Dosgi.bundles.defaultStartLevel=4 -Declipse.product=org.eclipse.jdt.ls.core.product -Djava.import.generatesMetadataFilesAtProjectRoot=false -DDetectVMInstallationsJob.disabled=true -Dfile.encoding=utf8 -XX:+UseParallelGC -XX:GCTimeRatio=4 -XX:AdaptiveSizePolicyWeight=90 -Dsun.zip.disableMemoryMapping=true -Xmx1G -Xms100m -Xlog:disable -javaagent:c:\Users\Welcome\.vscode\extensions\redhat.java-1.29.0-win32-x64\lombok\lombok-1.18.32.jar -XX:+HeapDumpOnOutOfMemoryError -XX:HeapDumpPath=c:\Users\Welcome\AppData\Roaming\Code\User\workspaceStorage\50bb07fb0669819beebb2246bf472869\redhat.java -Daether.dependencyCollector.impl=bf 
java_command: c:\Users\Welcome\.vscode\extensions\redhat.java-1.29.0-win32-x64\server\plugins\org.eclipse.equinox.launcher_1.6.800.v20240304-1850.jar -configuration c:\Users\Welcome\AppData\Roaming\Code\User\globalStorage\redhat.java\1.29.0\config_win -data c:\Users\Welcome\AppData\Roaming\Code\User\workspaceStorage\50bb07fb0669819beebb2246bf472869\redhat.java\jdt_ws --stdio
java_class_path (initial): c:\Users\Welcome\.vscode\extensions\redhat.java-1.29.0-win32-x64\server\plugins\org.eclipse.equinox.launcher_1.6.800.v20240304-1850.jar
Launcher Type: SUN_STANDARD

[Global flags]
    uintx AdaptiveSizePolicyWeight                 = 90                                        {product} {command line}
     intx CICompilerCount                          = 3                                         {product} {ergonomic}
    uintx GCTimeRatio                              = 4                                         {product} {command line}
     bool HeapDumpOnOutOfMemoryError               = true                                   {manageable} {command line}
    ccstr HeapDumpPath                             = c:\Users\Welcome\AppData\Roaming\Code\User\workspaceStorage\50bb07fb0669819beebb2246bf472869\redhat.java         {manageable} {command line}
   size_t InitialHeapSize                          = 104857600                                 {product} {command line}
   size_t MaxHeapSize                              = 1073741824                                {product} {command line}
   size_t MaxNewSize                               = 357564416                                 {product} {ergonomic}
   size_t MinHeapDeltaBytes                        = 524288                                    {product} {ergonomic}
   size_t MinHeapSize                              = 104857600                                 {product} {command line}
   size_t NewSize                                  = 34603008                                  {product} {ergonomic}
    uintx NonNMethodCodeHeapSize                   = 5832780                                {pd product} {ergonomic}
    uintx NonProfiledCodeHeapSize                  = 122912730                              {pd product} {ergonomic}
   size_t OldSize                                  = 70254592                                  {product} {ergonomic}
    uintx ProfiledCodeHeapSize                     = 122912730                              {pd product} {ergonomic}
    uintx ReservedCodeCacheSize                    = 251658240                              {pd product} {ergonomic}
     bool SegmentedCodeCache                       = true                                      {product} {ergonomic}
   size_t SoftMaxHeapSize                          = 1073741824                             {manageable} {ergonomic}
     bool UseCompressedClassPointers               = true                           {product lp64_product} {ergonomic}
     bool UseCompressedOops                        = true                           {product lp64_product} {ergonomic}
     bool UseLargePagesIndividualAllocation        = false                                  {pd product} {ergonomic}
     bool UseParallelGC                            = true                                      {product} {command line}

Logging:
Log output configuration:
 #0: stdout all=off uptime,level,tags
 #1: stderr all=off uptime,level,tags

Environment Variables:
PATH=C:\app\Delia\product\21c\dbhomeXE\bin;C:\Program Files\Eclipse Adoptium\jdk-17.0.5.8-hotspot\bin;C:\Program Files\Common Files\Oracle\Java\javapath;C:\Program Files (x86)\Common Files\Oracle\Java\javapath;C:\ProgramData\Oracle\Java\javapath;C:\WINDOWS\system32;C:\WINDOWS;C:\WINDOWS\System32\Wbem;C:\WINDOWS\System32\WindowsPowerShell\v1.0\;C:\WINDOWS\System32\OpenSSH\;C:\Program Files\Git\cmd;C:\Program Files\nodejs\;C:\Users\Welcome\AppData\Local\Programs\Python\Python311\Scripts\;C:\Users\Welcome\AppData\Local\Programs\Python\Python311\;C:\Users\Welcome\AppData\Local\Microsoft\WindowsApps;C:\Users\Welcome\AppData\Local\Programs\Microsoft VS Code\bin;C:\Users\Welcome\AppData\Roaming\npm;C:\xampp\php;C:\Users\Welcome\AppData\Local\ComposerSetup\bin;C:\Users\Welcome\AppData\Roaming\Composer\vendor\bin
USERNAME=Delia
OS=Windows_NT
PROCESSOR_IDENTIFIER=Intel64 Family 6 Model 69 Stepping 1, GenuineIntel
TMP=C:\Users\Welcome\AppData\Local\Temp
TEMP=C:\Users\Welcome\AppData\Local\Temp



Periodic native trim disabled


---------------  S Y S T E M  ---------------

OS:
 Windows 10 , 64 bit Build 19041 (10.0.19041.3636)
OS uptime: 0 days 4:40 hours

CPU: total 4 (initial active 4) (2 cores per cpu, 2 threads per core) family 6 model 69 stepping 1 microcode 0x25, cx8, cmov, fxsr, ht, mmx, sse, sse2, sse3, ssse3, sse4.1, sse4.2, popcnt, lzcnt, tsc, tscinvbit, avx, avx2, aes, erms, clmul, bmi1, bmi2, fma, vzeroupper, clflush
Processor Information for all 4 processors :
  Max Mhz: 2501, Current Mhz: 2501, Mhz Limit: 2501

Memory: 4k page, system-wide physical 4001M (518M free)
TotalPageFile size 10328M (AvailPageFile size 1845M)
current process WorkingSet (physical memory assigned to process): 310M, peak: 362M
current process commit charge ("private bytes"): 344M, peak: 405M

vm_info: OpenJDK 64-Bit Server VM (17.0.10+7) for windows-amd64 JRE (17.0.10+7), built on Jan 16 2024 23:25:11 by "admin" with MS VC++ 16.10 / 16.11 (VS2019)

END.
