#
# A fatal error has been detected by the Java Runtime Environment:
#
#  EXCEPTION_ACCESS_VIOLATION (0xc0000005) at pc=0x00007ff9d2270316, pid=12680, tid=832
#
# JRE version: OpenJDK Runtime Environment Temurin-17.0.10+7 (17.0.10+7) (build 17.0.10+7)
# Java VM: OpenJDK 64-Bit Server VM Temurin-17.0.10+7 (17.0.10+7, mixed mode, tiered, compressed oops, compressed class ptrs, parallel gc, windows-amd64)
# Problematic frame:
# V  [jvm.dll+0x6b0316]
#
# No core dump will be written. Minidumps are not enabled by default on client versions of Windows
#
# If you would like to submit a bug report, please visit:
#   https://github.com/adoptium/adoptium-support/issues
#

---------------  S U M M A R Y ------------

Command Line: --add-modules=ALL-SYSTEM --add-opens=java.base/java.util=ALL-UNNAMED --add-opens=java.base/java.lang=ALL-UNNAMED --add-opens=java.base/sun.nio.fs=ALL-UNNAMED -Declipse.application=org.eclipse.jdt.ls.core.id1 -Dosgi.bundles.defaultStartLevel=4 -Declipse.product=org.eclipse.jdt.ls.core.product -Djava.import.generatesMetadataFilesAtProjectRoot=false -DDetectVMInstallationsJob.disabled=true -Dfile.encoding=utf8 -XX:+UseParallelGC -XX:GCTimeRatio=4 -XX:AdaptiveSizePolicyWeight=90 -Dsun.zip.disableMemoryMapping=true -Xmx1G -Xms100m -Xlog:disable -javaagent:c:\Users\Welcome\.vscode\extensions\redhat.java-1.29.0-win32-x64\lombok\lombok-1.18.32.jar -XX:+HeapDumpOnOutOfMemoryError -XX:HeapDumpPath=c:\Users\Welcome\AppData\Roaming\Code\User\workspaceStorage\50bb07fb0669819beebb2246bf472869\redhat.java -Daether.dependencyCollector.impl=bf c:\Users\Welcome\.vscode\extensions\redhat.java-1.29.0-win32-x64\server\plugins\org.eclipse.equinox.launcher_1.6.800.v20240304-1850.jar -configuration c:\Users\Welcome\AppData\Roaming\Code\User\globalStorage\redhat.java\1.29.0\config_win -data c:\Users\Welcome\AppData\Roaming\Code\User\workspaceStorage\50bb07fb0669819beebb2246bf472869\redhat.java\jdt_ws --stdio

Host: Intel(R) Core(TM) i5-4300U CPU @ 1.90GHz, 4 cores, 3G,  Windows 10 , 64 bit Build 19041 (10.0.19041.3636)
Time: Wed Apr 17 02:40:42 2024 Hora estándar Montañas (México) elapsed time: 426.211658 seconds (0d 0h 7m 6s)

---------------  T H R E A D  ---------------

Current thread (0x00000214f0eef570):  GCTaskThread "GC Thread#0" [stack: 0x0000003255c00000,0x0000003255d00000] [id=832]

Stack: [0x0000003255c00000,0x0000003255d00000],  sp=0x0000003255cff6b0,  free space=1021k
Native frames: (J=compiled Java code, j=interpreted, Vv=VM code, C=native code)
V  [jvm.dll+0x6b0316]
V  [jvm.dll+0x6b0663]
V  [jvm.dll+0x6b5218]
V  [jvm.dll+0x7e81e8]
V  [jvm.dll+0x6b9c0d]
V  [jvm.dll+0x86226b]
V  [jvm.dll+0x8622b6]
V  [jvm.dll+0x7e3fba]
V  [jvm.dll+0x67c1b5]
C  [ucrtbase.dll+0x21bb2]
C  [KERNEL32.DLL+0x17344]
C  [ntdll.dll+0x526b1]


siginfo: EXCEPTION_ACCESS_VIOLATION (0xc0000005), reading address 0xffffffffffffffff


Registers:
RAX=0x1fffffffe8100000, RBX=0x0000000000800000, RCX=0x0000000000000000, RDX=0x00000214f3b70000
RSP=0x0000003255cff6b0, RBP=0x00000214f5c9e070, RSI=0x0000000000000003, RDI=0x00000000c0f8b6e4
R8 =0x007fffffffa04000, R9 =0x0000000000002a76, R10=0x00000000c0f8b6f8, R11=0x000000000000001f
R12=0x00000000000003d8, R13=0x0000003255cff890, R14=0x00000000c0f8b6f4, R15=0x0000000000000000
RIP=0x00007ff9d2270316, EFLAGS=0x0000000000010206


Register to memory mapping:

RIP=0x00007ff9d2270316 jvm.dll
RAX=0x1fffffffe8100000 is an unknown value
RBX=0x0000000000800000 is an unknown value
RCX=0x0 is NULL
RDX=0x00000214f3b70000 points into unknown readable memory: 0x0000000000000001 | 01 00 00 00 00 00 00 00
RSP=0x0000003255cff6b0 points into unknown readable memory: 0x00000000c0f8b6f8 | f8 b6 f8 c0 00 00 00 00
RBP=0x00000214f5c9e070 points into unknown readable memory: 0x00000214eec00150 | 50 01 c0 ee 14 02 00 00
RSI=0x0000000000000003 is an unknown value
RDI=0x00000000c0f8b6e4 is pointing into object: [Ljava.lang.Object; 
{0x00000000c0f8b6d0} - klass: 'java/lang/Object'[]
 - length: 5
R8 =0x007fffffffa04000 is an unknown value
R9 =0x0000000000002a76 is an unknown value
R10=0x00000000c0f8b6f8 is an oop: sun.reflect.generics.tree.SimpleClassTypeSignature 
{0x00000000c0f8b6f8} - klass: 'sun/reflect/generics/tree/SimpleClassTypeSignature'
 - ---- fields (total size 3 words):
 - private final 'dollar' 'Z' @12  false
 - private final 'name' 'Ljava/lang/String;' @16  "org.eclipse.lsp4j.SemanticTokensDelta"{0x00000000c0f8b710} (c0f8b710)
 - private final 'typeArgs' '[Lsun/reflect/generics/tree/TypeArgument;' @20  a 'sun/reflect/generics/tree/TypeArgument'[0] {0x00000000c0f8b760} (c0f8b760)
R11=0x000000000000001f is an unknown value
R12=0x00000000000003d8 is an unknown value
R13=0x0000003255cff890 points into unknown readable memory: 0x00007ff9d2571b50 | 50 1b 57 d2 f9 7f 00 00
R14=0x00000000c0f8b6f4 is pointing into object: [Ljava.lang.Object; 
{0x00000000c0f8b6d0} - klass: 'java/lang/Object'[]
 - length: 5
R15=0x0 is NULL


Top of Stack: (sp=0x0000003255cff6b0)
0x0000003255cff6b0:   00000000c0f8b6f8 00000000c0f8b6e0
0x0000003255cff6c0:   0000000000000000 00007ff9d26ec7a0
0x0000003255cff6d0:   00007ff9d26ec7a0 00007ff9d2270663
0x0000003255cff6e0:   00000214f5c9e070 00007ff9d24dbb90
0x0000003255cff6f0:   00007ff9d2571158 0000000000002a76
0x0000003255cff700:   0000000000000000 0000003200000000
0x0000003255cff710:   0000003255cff7b0 00007ff9d23a7ddf
0x0000003255cff720:   0000000000000000 00000000c031e010
0x0000003255cff730:   00007ff9d24dbb90 00000214f0ee7e30
0x0000003255cff740:   0000021400000003 00000214f5c9e070
0x0000003255cff750:   0000000000000000 0000000000000000
0x0000003255cff760:   00000214f5d46510 00000214f0ee7738
0x0000003255cff770:   00000214eec37740 00000214f0ee7360
0x0000003255cff780:   00000214f0ee7350 00007ff9d2275218
0x0000003255cff790:   00000214f5c9e070 00000214f0ee7350
0x0000003255cff7a0:   00000214f0ee7360 00000214f5c9e070
0x0000003255cff7b0:   00007ff9d2571948 00000214f5c9e070
0x0000003255cff7c0:   00007ff9d2514ad0 0000003255cff7b0
0x0000003255cff7d0:   0000000000000000 0000000000000278
0x0000003255cff7e0:   0000000000000002 0000000000000001
0x0000003255cff7f0:   00007ff9d2571948 0000003255dfeda0
0x0000003255cff800:   000002148f2466a8 00007ff9d23a81e8
0x0000003255cff810:   0000000000000048 000002148f246760
0x0000003255cff820:   0000003255cff890 0000000000000001
0x0000003255cff830:   0000003255dfeee0 00007ff9d2279c0d
0x0000003255cff840:   0000000000000000 0000003255cff8c0
0x0000003255cff850:   00000214f0eef570 0000003255dfeda0
0x0000003255cff860:   0000003255dff140 00000214f0ee7350
0x0000003255cff870:   0000000200000002 0000003255dfeda0
0x0000003255cff880:   0000000100000000 00000000fe066950
0x0000003255cff890:   00007ff9d2571b50 0000000000000002
0x0000003255cff8a0:   0000000000000000 0000000000000000 

Instructions: (pc=0x00007ff9d2270316)
0x00007ff9d2270216:   48 8b 74 24 48 48 83 c4 20 5f c3 cc cc cc cc cc
0x00007ff9d2270226:   cc cc cc cc cc cc cc cc cc cc 48 89 5c 24 08 48
0x00007ff9d2270236:   89 6c 24 10 48 89 74 24 18 48 89 7c 24 20 41 56
0x00007ff9d2270246:   48 83 ec 20 80 3d 30 31 4d 00 00 bb 10 00 00 00
0x00007ff9d2270256:   48 8b e9 4d 63 d0 4c 8b da 8b c3 8d 4b fc 0f 84
0x00007ff9d2270266:   06 01 00 00 44 0f b6 0d 10 31 4d 00 45 84 c9 0f
0x00007ff9d2270276:   45 c1 4c 63 04 10 49 8b d2 49 8b c0 49 2b c2 41
0x00007ff9d2270286:   ba 00 08 00 00 49 3b c2 4c 0f 42 d0 b8 18 00 00
0x00007ff9d2270296:   00 4c 03 d2 45 84 c9 0f 45 c3 49 03 c3 48 8d 3c
0x00007ff9d22702a6:   90 4e 8d 34 90 4d 3b d0 73 0e 4d 8b c2 49 8b d3
0x00007ff9d22702b6:   48 8b cd e8 82 0b 00 00 49 3b fe 0f 83 90 01 00
0x00007ff9d22702c6:   00 66 0f 1f 84 00 00 00 00 00 8b 07 85 c0 0f 84
0x00007ff9d22702d6:   84 00 00 00 8b 0d 08 70 46 00 8b d8 48 8b 15 17
0x00007ff9d22702e6:   d3 4e 00 48 d3 e3 48 03 1d ed 6f 46 00 8b 0d 3f
0x00007ff9d22702f6:   7f 46 00 48 8b c3 48 2b 02 48 8b 52 10 48 c1 e8
0x00007ff9d2270306:   03 48 d3 e8 4c 8b c0 24 3f 49 c1 e8 06 0f b6 c8
0x00007ff9d2270316:   4a 8b 04 c2 48 0f a3 c8 72 3e 48 8b cb e8 78 c7
0x00007ff9d2270326:   95 ff 48 63 f0 48 8d 0d 9e d4 4e 00 4c 8b c6 48
0x00007ff9d2270336:   8b d3 e8 d3 72 fd ff 84 c0 74 1d 4c 8b c6 48 8d
0x00007ff9d2270346:   0d c5 d4 4e 00 48 8b d3 e8 0d 2f 00 00 48 8b d3
0x00007ff9d2270356:   48 8b cd e8 42 0a 00 00 48 83 c7 04 49 3b fe 0f
0x00007ff9d2270366:   82 65 ff ff ff e9 e7 00 00 00 0f b6 15 0b 30 4d
0x00007ff9d2270376:   00 84 d2 48 0f 45 c1 49 8b ca 4e 63 0c 18 49 8b
0x00007ff9d2270386:   c1 49 2b c2 41 ba 00 08 00 00 49 3b c2 4c 0f 42
0x00007ff9d2270396:   d0 b8 18 00 00 00 4c 03 d1 84 d2 48 0f 45 c3 49
0x00007ff9d22703a6:   03 c3 48 8d 3c c8 4e 8d 34 d0 4d 3b d1 73 0e 4d
0x00007ff9d22703b6:   8b c2 49 8b d3 48 8b cd e8 7d 0a 00 00 49 3b fe
0x00007ff9d22703c6:   0f 83 8b 00 00 00 0f 1f 40 00 48 8b 1f 48 85 db
0x00007ff9d22703d6:   74 72 48 8b 15 21 d2 4e 00 48 8b c3 8b 0d 50 7e
0x00007ff9d22703e6:   46 00 48 2b 02 48 8b 52 10 48 c1 e8 03 48 d3 e8
0x00007ff9d22703f6:   4c 8b c0 24 3f 49 c1 e8 06 0f b6 c8 4a 8b 04 c2
0x00007ff9d2270406:   48 0f a3 c8 72 3e 48 8b cb e8 8c c6 95 ff 48 63 


Stack slot to memory mapping:
stack at sp + 0 slots: 0x00000000c0f8b6f8 is an oop: sun.reflect.generics.tree.SimpleClassTypeSignature 
{0x00000000c0f8b6f8} - klass: 'sun/reflect/generics/tree/SimpleClassTypeSignature'
 - ---- fields (total size 3 words):
 - private final 'dollar' 'Z' @12  false
 - private final 'name' 'Ljava/lang/String;' @16  "org.eclipse.lsp4j.SemanticTokensDelta"{0x00000000c0f8b710} (c0f8b710)
 - private final 'typeArgs' '[Lsun/reflect/generics/tree/TypeArgument;' @20  a 'sun/reflect/generics/tree/TypeArgument'[0] {0x00000000c0f8b760} (c0f8b760)
stack at sp + 1 slots: 0x00000000c0f8b6e0 is pointing into object: [Ljava.lang.Object; 
{0x00000000c0f8b6d0} - klass: 'java/lang/Object'[]
 - length: 5
stack at sp + 2 slots: 0x0 is NULL
stack at sp + 3 slots: 0x00007ff9d26ec7a0 jvm.dll
stack at sp + 4 slots: 0x00007ff9d26ec7a0 jvm.dll
stack at sp + 5 slots: 0x00007ff9d2270663 jvm.dll
stack at sp + 6 slots: 0x00000214f5c9e070 points into unknown readable memory: 0x00000214eec00150 | 50 01 c0 ee 14 02 00 00
stack at sp + 7 slots: 0x00007ff9d24dbb90 jvm.dll


---------------  P R O C E S S  ---------------

Threads class SMR info:
_java_thread_list=0x00000214fb5b3820, length=30, elements={
0x00000214f0ed6dd0, 0x00000214f0f8a500, 0x00000214f0f8d030, 0x00000214f5d3a150,
0x00000214f5d3afd0, 0x00000214f5d3c5f0, 0x00000214f5d41b80, 0x00000214f5d46510,
0x00000214f5d47e50, 0x00000214f5d526e0, 0x00000214fb006c10, 0x00000214fb1f2600,
0x00000214fba4ed70, 0x00000214fbec0fd0, 0x00000214fbdb6690, 0x00000214fbfdb5b0,
0x00000214fc682760, 0x00000214fc47ee00, 0x00000214fc47d9c0, 0x00000214fc47f820,
0x00000214fc47e8f0, 0x00000214fc47ca90, 0x00000214fc47cfa0, 0x00000214fd9b3170,
0x00000214fd9b3680, 0x00000214fd9b2750, 0x00000214fd9af9c0, 0x00000214fd9b08f0,
0x00000214fd9b2c60, 0x000002148f20fa90
}

Java Threads: ( => current thread )
  0x00000214f0ed6dd0 JavaThread "main" [_thread_blocked, id=8316, stack(0x0000003255b00000,0x0000003255c00000)]
  0x00000214f0f8a500 JavaThread "Reference Handler" daemon [_thread_blocked, id=1928, stack(0x0000003255e00000,0x0000003255f00000)]
  0x00000214f0f8d030 JavaThread "Finalizer" daemon [_thread_blocked, id=14320, stack(0x0000003255f00000,0x0000003256000000)]
  0x00000214f5d3a150 JavaThread "Signal Dispatcher" daemon [_thread_blocked, id=2844, stack(0x0000003256000000,0x0000003256100000)]
  0x00000214f5d3afd0 JavaThread "Attach Listener" daemon [_thread_blocked, id=10048, stack(0x0000003256100000,0x0000003256200000)]
  0x00000214f5d3c5f0 JavaThread "Service Thread" daemon [_thread_blocked, id=7812, stack(0x0000003256200000,0x0000003256300000)]
  0x00000214f5d41b80 JavaThread "Monitor Deflation Thread" daemon [_thread_blocked, id=8968, stack(0x0000003256300000,0x0000003256400000)]
  0x00000214f5d46510 JavaThread "C2 CompilerThread0" daemon [_thread_blocked, id=11304, stack(0x0000003256400000,0x0000003256500000)]
  0x00000214f5d47e50 JavaThread "C1 CompilerThread0" daemon [_thread_blocked, id=10532, stack(0x0000003256500000,0x0000003256600000)]
  0x00000214f5d526e0 JavaThread "Sweeper thread" daemon [_thread_blocked, id=4520, stack(0x0000003256600000,0x0000003256700000)]
  0x00000214fb006c10 JavaThread "Common-Cleaner" daemon [_thread_blocked, id=14032, stack(0x0000003256700000,0x0000003256800000)]
  0x00000214fb1f2600 JavaThread "Notification Thread" daemon [_thread_blocked, id=13484, stack(0x0000003256800000,0x0000003256900000)]
  0x00000214fba4ed70 JavaThread "Active Thread: Equinox Container: 8414b509-d69d-499f-90e8-bf2f2aa3589e" [_thread_blocked, id=4900, stack(0x0000003256e00000,0x0000003256f00000)]
  0x00000214fbec0fd0 JavaThread "Framework Event Dispatcher: Equinox Container: 8414b509-d69d-499f-90e8-bf2f2aa3589e" daemon [_thread_blocked, id=5192, stack(0x0000003256f00000,0x0000003257000000)]
  0x00000214fbdb6690 JavaThread "Start Level: Equinox Container: 8414b509-d69d-499f-90e8-bf2f2aa3589e" daemon [_thread_blocked, id=5552, stack(0x0000003257000000,0x0000003257100000)]
  0x00000214fbfdb5b0 JavaThread "Bundle File Closer" daemon [_thread_blocked, id=7796, stack(0x0000003257100000,0x0000003257200000)]
  0x00000214fc682760 JavaThread "SCR Component Actor" daemon [_thread_blocked, id=8036, stack(0x0000003257200000,0x0000003257300000)]
  0x00000214fc47ee00 JavaThread "Worker-JM" [_thread_blocked, id=13928, stack(0x0000003256d00000,0x0000003256e00000)]
  0x00000214fc47d9c0 JavaThread "Worker-1" [_thread_blocked, id=14216, stack(0x0000003257600000,0x0000003257700000)]
  0x00000214fc47f820 JavaThread "Worker-2" [_thread_blocked, id=4076, stack(0x0000003257700000,0x0000003257800000)]
  0x00000214fc47e8f0 JavaThread "Java indexing" daemon [_thread_blocked, id=4512, stack(0x0000003257800000,0x0000003257900000)]
  0x00000214fc47ca90 JavaThread "JNA Cleaner" daemon [_thread_blocked, id=13324, stack(0x0000003257a00000,0x0000003257b00000)]
  0x00000214fc47cfa0 JavaThread "pool-2-thread-1" [_thread_blocked, id=5992, stack(0x0000003257d00000,0x0000003257e00000)]
  0x00000214fd9b3170 JavaThread "WorkspaceEventsHandler" [_thread_blocked, id=4280, stack(0x0000003257e00000,0x0000003257f00000)]
  0x00000214fd9b3680 JavaThread "pool-1-thread-1" [_thread_in_native, id=1884, stack(0x0000003257f00000,0x0000003258000000)]
  0x00000214fd9b2750 JavaThread "ForkJoinPool.commonPool-worker-3" daemon [_thread_blocked, id=11524, stack(0x0000003258200000,0x0000003258300000)]
  0x00000214fd9af9c0 JavaThread "Cleaner-0" daemon [_thread_blocked, id=3292, stack(0x0000003258300000,0x0000003258400000)]
  0x00000214fd9b08f0 JavaThread "ForkJoinPool.commonPool-worker-5" daemon [_thread_blocked, id=4752, stack(0x0000003255800000,0x0000003255900000)]
  0x00000214fd9b2c60 JavaThread "ForkJoinPool.commonPool-worker-6" daemon [_thread_blocked, id=4844, stack(0x0000003255900000,0x0000003255a00000)]
  0x000002148f20fa90 JavaThread "C2 CompilerThread1" daemon [_thread_blocked, id=4048, stack(0x0000003255a00000,0x0000003255b00000)]

Other Threads:
  0x00000214f0f88c40 VMThread "VM Thread" [stack: 0x0000003255d00000,0x0000003255e00000] [id=2864]
  0x00000214fb2007e0 WatcherThread [stack: 0x0000003256900000,0x0000003256a00000] [id=7216]
=>0x00000214f0eef570 GCTaskThread "GC Thread#0" [stack: 0x0000003255c00000,0x0000003255d00000] [id=832]
  0x00000214fb422980 GCTaskThread "GC Thread#1" [stack: 0x0000003256a00000,0x0000003256b00000] [id=1212]
  0x00000214fb757670 GCTaskThread "GC Thread#2" [stack: 0x0000003256b00000,0x0000003256c00000] [id=7724]
  0x00000214fb757930 GCTaskThread "GC Thread#3" [stack: 0x0000003256c00000,0x0000003256d00000] [id=5440]

Threads with active compile tasks:
C2 CompilerThread0   426301 12083       4       org.eclipse.jdt.internal.compiler.lookup.ReferenceBinding::storeAnnotationHolder (43 bytes)
C1 CompilerThread0   426301 12259       3       org.eclipse.jdt.internal.compiler.classfmt.InnerClassInfo::getSourceName (60 bytes)
C2 CompilerThread1   426301 12087   !   4       org.eclipse.jdt.internal.core.SearchableEnvironment::find (389 bytes)

VM state: at safepoint (normal execution)

VM Mutex/Monitor currently owned by a thread:  ([mutex/lock_event])
[0x00000214f0ed4330] Threads_lock - owner thread: 0x00000214f0f88c40
[0x00000214f0ed4210] Heap_lock - owner thread: 0x00000214fd9b08f0

Heap address: 0x00000000c0000000, size: 1024 MB, Compressed Oops mode: 32-bit

CDS archive(s) not mapped
Compressed class space mapped at: 0x0000000100000000-0x0000000140000000, reserved size: 1073741824
Narrow klass base: 0x0000000000000000, Narrow klass shift: 3, Narrow klass range: 0x140000000

GC Precious Log:
 CPUs: 4 total, 4 available
 Memory: 4001M
 Large Page Support: Disabled
 NUMA Support: Disabled
 Compressed Oops: Enabled (32-bit)
 Alignments: Space 512K, Generation 512K, Heap 2M
 Heap Min Capacity: 100M
 Heap Initial Capacity: 100M
 Heap Max Capacity: 1G
 Pre-touch: Disabled
 Parallel Workers: 4

Heap:
 PSYoungGen      total 10752K, used 507K [0x00000000eab00000, 0x00000000eb780000, 0x0000000100000000)
  eden space 10240K, 0% used [0x00000000eab00000,0x00000000eab00000,0x00000000eb500000)
  from space 512K, 99% used [0x00000000eb700000,0x00000000eb77ee78,0x00000000eb780000)
  to   space 1024K, 0% used [0x00000000eb580000,0x00000000eb580000,0x00000000eb680000)
 ParOldGen       total 68608K, used 67493K [0x00000000c0000000, 0x00000000c4300000, 0x00000000eab00000)
  object space 68608K, 98% used [0x00000000c0000000,0x00000000c41e9780,0x00000000c4300000)
 Metaspace       used 74231K, committed 75456K, reserved 1179648K
  class space    used 7696K, committed 8256K, reserved 1048576K

Card table byte_map: [0x00000214f0870000,0x00000214f0a80000] _byte_map_base: 0x00000214f0270000

Marking Bits: (ParMarkBitMap*) 0x00007ff9d275d7d0
 Begin Bits: [0x00000214f3b70000, 0x00000214f4b70000)
 End Bits:   [0x00000214f4b70000, 0x00000214f5b70000)

Polling page: 0x00000214eee00000

Metaspace:

Usage:
  Non-class:     64.98 MB used.
      Class:      7.52 MB used.
       Both:     72.49 MB used.

Virtual space:
  Non-class space:      128.00 MB reserved,      65.62 MB ( 51%) committed,  2 nodes.
      Class space:        1.00 GB reserved,       8.06 MB ( <1%) committed,  1 nodes.
             Both:        1.12 GB reserved,      73.69 MB (  6%) committed. 

Chunk freelists:
   Non-Class:  13.70 MB
       Class:  7.97 MB
        Both:  21.67 MB

MaxMetaspaceSize: unlimited
CompressedClassSpaceSize: 1.00 GB
Initial GC threshold: 21.00 MB
Current GC threshold: 97.31 MB
CDS: off
MetaspaceReclaimPolicy: balanced
 - commit_granule_bytes: 65536.
 - commit_granule_words: 8192.
 - virtual_space_node_default_size: 8388608.
 - enlarge_chunks_in_place: 1.
 - new_chunks_are_fully_committed: 0.
 - uncommit_free_chunks: 1.
 - use_allocation_guard: 0.
 - handle_deallocations: 1.


Internal statistics:

num_allocs_failed_limit: 9.
num_arena_births: 838.
num_arena_deaths: 24.
num_vsnodes_births: 3.
num_vsnodes_deaths: 0.
num_space_committed: 1179.
num_space_uncommitted: 0.
num_chunks_returned_to_freelist: 36.
num_chunks_taken_from_freelist: 3970.
num_chunk_merges: 14.
num_chunk_splits: 2448.
num_chunks_enlarged: 1414.
num_inconsistent_stats: 0.

CodeHeap 'non-profiled nmethods': size=120000Kb used=7536Kb max_used=7536Kb free=112464Kb
 bounds [0x0000021487ad0000, 0x0000021488230000, 0x000002148f000000]
CodeHeap 'profiled nmethods': size=120000Kb used=21127Kb max_used=21127Kb free=98872Kb
 bounds [0x0000021480000000, 0x00000214814b0000, 0x0000021487530000]
CodeHeap 'non-nmethods': size=5760Kb used=1380Kb max_used=1447Kb free=4379Kb
 bounds [0x0000021487530000, 0x00000214877a0000, 0x0000021487ad0000]
 total_blobs=10889 nmethods=10159 adapters=637
 compilation: enabled
              stopped_count=0, restarted_count=0
 full_count=0

Compilation events (20 events):
Event: 426.159 Thread 0x00000214f5d46510 12086       4       org.eclipse.jdt.internal.compiler.lookup.ImplicitNullAnnotationVerifier::areTypesEqual (169 bytes)
Event: 426.160 Thread 0x000002148f20fa90 nmethod 12080 0x000002148822af10 code [0x000002148822b0e0, 0x000002148822b5b8]
Event: 426.160 Thread 0x000002148f20fa90 12087   !   4       org.eclipse.jdt.internal.core.SearchableEnvironment::find (389 bytes)
Event: 426.164 Thread 0x00000214f5d46510 nmethod 12086 0x000002148822b990 code [0x000002148822bb40, 0x000002148822bdd8]
Event: 426.164 Thread 0x00000214f5d46510 12083       4       org.eclipse.jdt.internal.compiler.lookup.ReferenceBinding::storeAnnotationHolder (43 bytes)
Event: 426.168 Thread 0x00000214f5d47e50 12250       3       java.lang.reflect.Method::setMethodAccessor (21 bytes)
Event: 426.168 Thread 0x00000214f5d47e50 nmethod 12250 0x00000214814a2810 code [0x00000214814a29c0, 0x00000214814a2c28]
Event: 426.169 Thread 0x00000214f5d47e50 12251       3       java.nio.ByteBuffer::clear (7 bytes)
Event: 426.170 Thread 0x00000214f5d47e50 nmethod 12251 0x00000214814a2d10 code [0x00000214814a2ea0, 0x00000214814a3018]
Event: 426.173 Thread 0x00000214f5d47e50 12252       3       org.eclipse.jdt.internal.compiler.classfmt.ModuleInfo::createModule (21 bytes)
Event: 426.173 Thread 0x00000214f5d47e50 nmethod 12252 0x00000214814a3110 code [0x00000214814a32c0, 0x00000214814a35a8]
Event: 426.174 Thread 0x00000214f5d47e50 12253       3       org.eclipse.jdt.internal.compiler.parser.Parser::consumeExitVariableWithoutInitialization (58 bytes)
Event: 426.175 Thread 0x00000214f5d47e50 nmethod 12253 0x00000214814a3710 code [0x00000214814a38e0, 0x00000214814a3ef8]
Event: 426.175 Thread 0x00000214f5d47e50 12254       3       org.eclipse.jdt.internal.codeassist.select.SelectionParser::consumeOpenBlock (22 bytes)
Event: 426.175 Thread 0x00000214f5d47e50 nmethod 12254 0x00000214814a4090 code [0x00000214814a4240, 0x00000214814a43c8]
Event: 426.175 Thread 0x00000214f5d47e50 12255       3       org.eclipse.jdt.internal.codeassist.impl.AssistParser::consumeOpenBlock (182 bytes)
Event: 426.177 Thread 0x00000214f5d47e50 nmethod 12255 0x00000214814a4490 code [0x00000214814a46c0, 0x00000214814a51f8]
Event: 426.178 Thread 0x00000214f5d47e50 12257       3       org.eclipse.jdt.internal.core.PackageFragmentRoot::internalKind (36 bytes)
Event: 426.179 Thread 0x00000214f5d47e50 nmethod 12257 0x00000214814a5610 code [0x00000214814a5800, 0x00000214814a5de8]
Event: 426.180 Thread 0x00000214f5d47e50 12259       3       org.eclipse.jdt.internal.compiler.classfmt.InnerClassInfo::getSourceName (60 bytes)

GC Heap History (20 events):
Event: 273.103 GC heap after
{Heap after GC invocations=58 (full 3):
 PSYoungGen      total 11264K, used 288K [0x00000000eab00000, 0x00000000eb800000, 0x0000000100000000)
  eden space 10752K, 0% used [0x00000000eab00000,0x00000000eab00000,0x00000000eb580000)
  from space 512K, 56% used [0x00000000eb580000,0x00000000eb5c8020,0x00000000eb600000)
  to   space 512K, 0% used [0x00000000eb780000,0x00000000eb780000,0x00000000eb800000)
 ParOldGen       total 68608K, used 62666K [0x00000000c0000000, 0x00000000c4300000, 0x00000000eab00000)
  object space 68608K, 91% used [0x00000000c0000000,0x00000000c3d328d8,0x00000000c4300000)
 Metaspace       used 72907K, committed 74176K, reserved 1179648K
  class space    used 7620K, committed 8192K, reserved 1048576K
}
Event: 402.847 GC heap before
{Heap before GC invocations=59 (full 3):
 PSYoungGen      total 11264K, used 11040K [0x00000000eab00000, 0x00000000eb800000, 0x0000000100000000)
  eden space 10752K, 99% used [0x00000000eab00000,0x00000000eb57fff8,0x00000000eb580000)
  from space 512K, 56% used [0x00000000eb580000,0x00000000eb5c8020,0x00000000eb600000)
  to   space 512K, 0% used [0x00000000eb780000,0x00000000eb780000,0x00000000eb800000)
 ParOldGen       total 68608K, used 62666K [0x00000000c0000000, 0x00000000c4300000, 0x00000000eab00000)
  object space 68608K, 91% used [0x00000000c0000000,0x00000000c3d328d8,0x00000000c4300000)
 Metaspace       used 73131K, committed 74368K, reserved 1179648K
  class space    used 7642K, committed 8192K, reserved 1048576K
}
Event: 402.848 GC heap after
{Heap after GC invocations=59 (full 3):
 PSYoungGen      total 11264K, used 315K [0x00000000eab00000, 0x00000000eb800000, 0x0000000100000000)
  eden space 10752K, 0% used [0x00000000eab00000,0x00000000eab00000,0x00000000eb580000)
  from space 512K, 61% used [0x00000000eb780000,0x00000000eb7cee78,0x00000000eb800000)
  to   space 512K, 0% used [0x00000000eb580000,0x00000000eb580000,0x00000000eb600000)
 ParOldGen       total 68608K, used 62690K [0x00000000c0000000, 0x00000000c4300000, 0x00000000eab00000)
  object space 68608K, 91% used [0x00000000c0000000,0x00000000c3d388d8,0x00000000c4300000)
 Metaspace       used 73131K, committed 74368K, reserved 1179648K
  class space    used 7642K, committed 8192K, reserved 1048576K
}
Event: 403.377 GC heap before
{Heap before GC invocations=60 (full 3):
 PSYoungGen      total 11264K, used 11067K [0x00000000eab00000, 0x00000000eb800000, 0x0000000100000000)
  eden space 10752K, 100% used [0x00000000eab00000,0x00000000eb580000,0x00000000eb580000)
  from space 512K, 61% used [0x00000000eb780000,0x00000000eb7cee78,0x00000000eb800000)
  to   space 512K, 0% used [0x00000000eb580000,0x00000000eb580000,0x00000000eb600000)
 ParOldGen       total 68608K, used 62690K [0x00000000c0000000, 0x00000000c4300000, 0x00000000eab00000)
  object space 68608K, 91% used [0x00000000c0000000,0x00000000c3d388d8,0x00000000c4300000)
 Metaspace       used 73349K, committed 74624K, reserved 1179648K
  class space    used 7659K, committed 8256K, reserved 1048576K
}
Event: 403.379 GC heap after
{Heap after GC invocations=60 (full 3):
 PSYoungGen      total 11264K, used 500K [0x00000000eab00000, 0x00000000eb800000, 0x0000000100000000)
  eden space 10752K, 0% used [0x00000000eab00000,0x00000000eab00000,0x00000000eb580000)
  from space 512K, 97% used [0x00000000eb580000,0x00000000eb5fd108,0x00000000eb600000)
  to   space 1024K, 0% used [0x00000000eb700000,0x00000000eb700000,0x00000000eb800000)
 ParOldGen       total 68608K, used 62786K [0x00000000c0000000, 0x00000000c4300000, 0x00000000eab00000)
  object space 68608K, 91% used [0x00000000c0000000,0x00000000c3d508e8,0x00000000c4300000)
 Metaspace       used 73349K, committed 74624K, reserved 1179648K
  class space    used 7659K, committed 8256K, reserved 1048576K
}
Event: 404.185 GC heap before
{Heap before GC invocations=61 (full 3):
 PSYoungGen      total 11264K, used 11252K [0x00000000eab00000, 0x00000000eb800000, 0x0000000100000000)
  eden space 10752K, 99% used [0x00000000eab00000,0x00000000eb57ffe8,0x00000000eb580000)
  from space 512K, 97% used [0x00000000eb580000,0x00000000eb5fd108,0x00000000eb600000)
  to   space 1024K, 0% used [0x00000000eb700000,0x00000000eb700000,0x00000000eb800000)
 ParOldGen       total 68608K, used 62786K [0x00000000c0000000, 0x00000000c4300000, 0x00000000eab00000)
  object space 68608K, 91% used [0x00000000c0000000,0x00000000c3d508e8,0x00000000c4300000)
 Metaspace       used 73449K, committed 74752K, reserved 1179648K
  class space    used 7660K, committed 8256K, reserved 1048576K
}
Event: 404.188 GC heap after
{Heap after GC invocations=61 (full 3):
 PSYoungGen      total 11264K, used 1019K [0x00000000eab00000, 0x00000000eb980000, 0x0000000100000000)
  eden space 10240K, 0% used [0x00000000eab00000,0x00000000eab00000,0x00000000eb500000)
  from space 1024K, 99% used [0x00000000eb700000,0x00000000eb7fee98,0x00000000eb800000)
  to   space 2048K, 0% used [0x00000000eb500000,0x00000000eb500000,0x00000000eb700000)
 ParOldGen       total 68608K, used 63239K [0x00000000c0000000, 0x00000000c4300000, 0x00000000eab00000)
  object space 68608K, 92% used [0x00000000c0000000,0x00000000c3dc1c38,0x00000000c4300000)
 Metaspace       used 73449K, committed 74752K, reserved 1179648K
  class space    used 7660K, committed 8256K, reserved 1048576K
}
Event: 404.641 GC heap before
{Heap before GC invocations=62 (full 3):
 PSYoungGen      total 11264K, used 11259K [0x00000000eab00000, 0x00000000eb980000, 0x0000000100000000)
  eden space 10240K, 100% used [0x00000000eab00000,0x00000000eb500000,0x00000000eb500000)
  from space 1024K, 99% used [0x00000000eb700000,0x00000000eb7fee98,0x00000000eb800000)
  to   space 2048K, 0% used [0x00000000eb500000,0x00000000eb500000,0x00000000eb700000)
 ParOldGen       total 68608K, used 63239K [0x00000000c0000000, 0x00000000c4300000, 0x00000000eab00000)
  object space 68608K, 92% used [0x00000000c0000000,0x00000000c3dc1c38,0x00000000c4300000)
 Metaspace       used 73601K, committed 74880K, reserved 1179648K
  class space    used 7660K, committed 8256K, reserved 1048576K
}
Event: 404.643 GC heap after
{Heap after GC invocations=62 (full 3):
 PSYoungGen      total 11264K, used 992K [0x00000000eab00000, 0x00000000eb800000, 0x0000000100000000)
  eden space 10240K, 0% used [0x00000000eab00000,0x00000000eab00000,0x00000000eb500000)
  from space 1024K, 96% used [0x00000000eb500000,0x00000000eb5f8000,0x00000000eb600000)
  to   space 1536K, 0% used [0x00000000eb680000,0x00000000eb680000,0x00000000eb800000)
 ParOldGen       total 68608K, used 64201K [0x00000000c0000000, 0x00000000c4300000, 0x00000000eab00000)
  object space 68608K, 93% used [0x00000000c0000000,0x00000000c3eb2530,0x00000000c4300000)
 Metaspace       used 73601K, committed 74880K, reserved 1179648K
  class space    used 7660K, committed 8256K, reserved 1048576K
}
Event: 404.755 GC heap before
{Heap before GC invocations=63 (full 3):
 PSYoungGen      total 11264K, used 11232K [0x00000000eab00000, 0x00000000eb800000, 0x0000000100000000)
  eden space 10240K, 100% used [0x00000000eab00000,0x00000000eb500000,0x00000000eb500000)
  from space 1024K, 96% used [0x00000000eb500000,0x00000000eb5f8000,0x00000000eb600000)
  to   space 1536K, 0% used [0x00000000eb680000,0x00000000eb680000,0x00000000eb800000)
 ParOldGen       total 68608K, used 64201K [0x00000000c0000000, 0x00000000c4300000, 0x00000000eab00000)
  object space 68608K, 93% used [0x00000000c0000000,0x00000000c3eb2530,0x00000000c4300000)
 Metaspace       used 73657K, committed 74944K, reserved 1179648K
  class space    used 7660K, committed 8256K, reserved 1048576K
}
Event: 404.758 GC heap after
{Heap after GC invocations=63 (full 3):
 PSYoungGen      total 10752K, used 279K [0x00000000eab00000, 0x00000000eb700000, 0x0000000100000000)
  eden space 10240K, 0% used [0x00000000eab00000,0x00000000eab00000,0x00000000eb500000)
  from space 512K, 54% used [0x00000000eb680000,0x00000000eb6c5cd0,0x00000000eb700000)
  to   space 1024K, 0% used [0x00000000eb500000,0x00000000eb500000,0x00000000eb600000)
 ParOldGen       total 68608K, used 65253K [0x00000000c0000000, 0x00000000c4300000, 0x00000000eab00000)
  object space 68608K, 95% used [0x00000000c0000000,0x00000000c3fb95c0,0x00000000c4300000)
 Metaspace       used 73657K, committed 74944K, reserved 1179648K
  class space    used 7660K, committed 8256K, reserved 1048576K
}
Event: 410.650 GC heap before
{Heap before GC invocations=64 (full 3):
 PSYoungGen      total 10752K, used 10519K [0x00000000eab00000, 0x00000000eb700000, 0x0000000100000000)
  eden space 10240K, 100% used [0x00000000eab00000,0x00000000eb500000,0x00000000eb500000)
  from space 512K, 54% used [0x00000000eb680000,0x00000000eb6c5cd0,0x00000000eb700000)
  to   space 1024K, 0% used [0x00000000eb500000,0x00000000eb500000,0x00000000eb600000)
 ParOldGen       total 68608K, used 65253K [0x00000000c0000000, 0x00000000c4300000, 0x00000000eab00000)
  object space 68608K, 95% used [0x00000000c0000000,0x00000000c3fb95c0,0x00000000c4300000)
 Metaspace       used 73735K, committed 75008K, reserved 1179648K
  class space    used 7660K, committed 8256K, reserved 1048576K
}
Event: 410.653 GC heap after
{Heap after GC invocations=64 (full 3):
 PSYoungGen      total 11264K, used 443K [0x00000000eab00000, 0x00000000eb700000, 0x0000000100000000)
  eden space 10240K, 0% used [0x00000000eab00000,0x00000000eab00000,0x00000000eb500000)
  from space 1024K, 43% used [0x00000000eb500000,0x00000000eb56ee78,0x00000000eb600000)
  to   space 512K, 0% used [0x00000000eb680000,0x00000000eb680000,0x00000000eb700000)
 ParOldGen       total 68608K, used 65385K [0x00000000c0000000, 0x00000000c4300000, 0x00000000eab00000)
  object space 68608K, 95% used [0x00000000c0000000,0x00000000c3fda438,0x00000000c4300000)
 Metaspace       used 73735K, committed 75008K, reserved 1179648K
  class space    used 7660K, committed 8256K, reserved 1048576K
}
Event: 425.671 GC heap before
{Heap before GC invocations=65 (full 3):
 PSYoungGen      total 11264K, used 10683K [0x00000000eab00000, 0x00000000eb700000, 0x0000000100000000)
  eden space 10240K, 100% used [0x00000000eab00000,0x00000000eb500000,0x00000000eb500000)
  from space 1024K, 43% used [0x00000000eb500000,0x00000000eb56ee78,0x00000000eb600000)
  to   space 512K, 0% used [0x00000000eb680000,0x00000000eb680000,0x00000000eb700000)
 ParOldGen       total 68608K, used 65385K [0x00000000c0000000, 0x00000000c4300000, 0x00000000eab00000)
  object space 68608K, 95% used [0x00000000c0000000,0x00000000c3fda438,0x00000000c4300000)
 Metaspace       used 74019K, committed 75264K, reserved 1179648K
  class space    used 7693K, committed 8256K, reserved 1048576K
}
Event: 425.674 GC heap after
{Heap after GC invocations=65 (full 3):
 PSYoungGen      total 10752K, used 507K [0x00000000eab00000, 0x00000000eb700000, 0x0000000100000000)
  eden space 10240K, 0% used [0x00000000eab00000,0x00000000eab00000,0x00000000eb500000)
  from space 512K, 99% used [0x00000000eb680000,0x00000000eb6fede8,0x00000000eb700000)
  to   space 1024K, 0% used [0x00000000eb500000,0x00000000eb500000,0x00000000eb600000)
 ParOldGen       total 68608K, used 65777K [0x00000000c0000000, 0x00000000c4300000, 0x00000000eab00000)
  object space 68608K, 95% used [0x00000000c0000000,0x00000000c403c468,0x00000000c4300000)
 Metaspace       used 74019K, committed 75264K, reserved 1179648K
  class space    used 7693K, committed 8256K, reserved 1048576K
}
Event: 425.812 GC heap before
{Heap before GC invocations=66 (full 3):
 PSYoungGen      total 10752K, used 10747K [0x00000000eab00000, 0x00000000eb700000, 0x0000000100000000)
  eden space 10240K, 100% used [0x00000000eab00000,0x00000000eb500000,0x00000000eb500000)
  from space 512K, 99% used [0x00000000eb680000,0x00000000eb6fede8,0x00000000eb700000)
  to   space 1024K, 0% used [0x00000000eb500000,0x00000000eb500000,0x00000000eb600000)
 ParOldGen       total 68608K, used 65777K [0x00000000c0000000, 0x00000000c4300000, 0x00000000eab00000)
  object space 68608K, 95% used [0x00000000c0000000,0x00000000c403c468,0x00000000c4300000)
 Metaspace       used 74144K, committed 75392K, reserved 1179648K
  class space    used 7693K, committed 8256K, reserved 1048576K
}
Event: 425.815 GC heap after
{Heap after GC invocations=66 (full 3):
 PSYoungGen      total 11264K, used 1024K [0x00000000eab00000, 0x00000000eb900000, 0x0000000100000000)
  eden space 10240K, 0% used [0x00000000eab00000,0x00000000eab00000,0x00000000eb500000)
  from space 1024K, 100% used [0x00000000eb500000,0x00000000eb600000,0x00000000eb600000)
  to   space 2048K, 0% used [0x00000000eb700000,0x00000000eb700000,0x00000000eb900000)
 ParOldGen       total 68608K, used 66385K [0x00000000c0000000, 0x00000000c4300000, 0x00000000eab00000)
  object space 68608K, 96% used [0x00000000c0000000,0x00000000c40d46e0,0x00000000c4300000)
 Metaspace       used 74144K, committed 75392K, reserved 1179648K
  class space    used 7693K, committed 8256K, reserved 1048576K
}
Event: 426.180 GC heap before
{Heap before GC invocations=67 (full 3):
 PSYoungGen      total 11264K, used 11264K [0x00000000eab00000, 0x00000000eb900000, 0x0000000100000000)
  eden space 10240K, 100% used [0x00000000eab00000,0x00000000eb500000,0x00000000eb500000)
  from space 1024K, 100% used [0x00000000eb500000,0x00000000eb600000,0x00000000eb600000)
  to   space 2048K, 0% used [0x00000000eb700000,0x00000000eb700000,0x00000000eb900000)
 ParOldGen       total 68608K, used 66385K [0x00000000c0000000, 0x00000000c4300000, 0x00000000eab00000)
  object space 68608K, 96% used [0x00000000c0000000,0x00000000c40d46e0,0x00000000c4300000)
 Metaspace       used 74231K, committed 75456K, reserved 1179648K
  class space    used 7696K, committed 8256K, reserved 1048576K
}
Event: 426.183 GC heap after
{Heap after GC invocations=67 (full 3):
 PSYoungGen      total 10752K, used 507K [0x00000000eab00000, 0x00000000eb780000, 0x0000000100000000)
  eden space 10240K, 0% used [0x00000000eab00000,0x00000000eab00000,0x00000000eb500000)
  from space 512K, 99% used [0x00000000eb700000,0x00000000eb77ee78,0x00000000eb780000)
  to   space 1024K, 0% used [0x00000000eb580000,0x00000000eb580000,0x00000000eb680000)
 ParOldGen       total 68608K, used 67493K [0x00000000c0000000, 0x00000000c4300000, 0x00000000eab00000)
  object space 68608K, 98% used [0x00000000c0000000,0x00000000c41e9780,0x00000000c4300000)
 Metaspace       used 74231K, committed 75456K, reserved 1179648K
  class space    used 7696K, committed 8256K, reserved 1048576K
}
Event: 426.185 GC heap before
{Heap before GC invocations=68 (full 4):
 PSYoungGen      total 10752K, used 507K [0x00000000eab00000, 0x00000000eb780000, 0x0000000100000000)
  eden space 10240K, 0% used [0x00000000eab00000,0x00000000eab00000,0x00000000eb500000)
  from space 512K, 99% used [0x00000000eb700000,0x00000000eb77ee78,0x00000000eb780000)
  to   space 1024K, 0% used [0x00000000eb580000,0x00000000eb580000,0x00000000eb680000)
 ParOldGen       total 68608K, used 67493K [0x00000000c0000000, 0x00000000c4300000, 0x00000000eab00000)
  object space 68608K, 98% used [0x00000000c0000000,0x00000000c41e9780,0x00000000c4300000)
 Metaspace       used 74231K, committed 75456K, reserved 1179648K
  class space    used 7696K, committed 8256K, reserved 1048576K
}

Dll operation events (10 events):
Event: 0.021 Loaded shared library c:\Users\Welcome\.vscode\extensions\redhat.java-1.29.0-win32-x64\jre\17.0.10-win32-x86_64\bin\java.dll
Event: 0.178 Loaded shared library c:\Users\Welcome\.vscode\extensions\redhat.java-1.29.0-win32-x64\jre\17.0.10-win32-x86_64\bin\zip.dll
Event: 0.183 Loaded shared library C:\Users\Welcome\.vscode\extensions\redhat.java-1.29.0-win32-x64\jre\17.0.10-win32-x86_64\bin\instrument.dll
Event: 0.194 Loaded shared library C:\Users\Welcome\.vscode\extensions\redhat.java-1.29.0-win32-x64\jre\17.0.10-win32-x86_64\bin\net.dll
Event: 0.197 Loaded shared library C:\Users\Welcome\.vscode\extensions\redhat.java-1.29.0-win32-x64\jre\17.0.10-win32-x86_64\bin\nio.dll
Event: 0.204 Loaded shared library C:\Users\Welcome\.vscode\extensions\redhat.java-1.29.0-win32-x64\jre\17.0.10-win32-x86_64\bin\zip.dll
Event: 0.224 Loaded shared library C:\Users\Welcome\.vscode\extensions\redhat.java-1.29.0-win32-x64\jre\17.0.10-win32-x86_64\bin\jimage.dll
Event: 0.305 Loaded shared library c:\Users\Welcome\.vscode\extensions\redhat.java-1.29.0-win32-x64\jre\17.0.10-win32-x86_64\bin\verify.dll
Event: 2.218 Loaded shared library C:\Users\Welcome\AppData\Roaming\Code\User\globalStorage\redhat.java\1.29.0\config_win\org.eclipse.equinox.launcher\org.eclipse.equinox.launcher.win32.win32.x86_64_1.2.900.v20240213-1244\eclipse_11900.dll
Event: 6.393 Loaded shared library C:\Users\Welcome\AppData\Local\Temp\jna-65915459\jna11127488730366184393.dll

Deoptimization events (20 events):
Event: 425.645 Thread 0x00000214fd9b2750 Uncommon trap: trap_request=0xffffffde fr.pc=0x0000021487e27bb4 relative=0x00000000000024b4
Event: 425.645 Thread 0x00000214fd9b2750 Uncommon trap: reason=class_check action=maybe_recompile pc=0x0000021487e27bb4 method=org.eclipse.jdt.internal.core.dom.rewrite.ASTRewriteAnalyzer.getExtendedRange(Lorg/eclipse/jdt/core/dom/ASTNode;)Lorg/eclipse/jdt/core/dom/rewrite/TargetSourceRangeCompu
Event: 425.645 Thread 0x00000214fd9b2750 DEOPT PACKING pc=0x0000021487e27bb4 sp=0x00000032582fe040
Event: 425.645 Thread 0x00000214fd9b2750 DEOPT UNPACKING pc=0x00000214875866a3 sp=0x00000032582fde20 mode 2
Event: 425.645 Thread 0x00000214fd9b2750 Uncommon trap: trap_request=0xffffffde fr.pc=0x0000021487e27bb4 relative=0x00000000000024b4
Event: 425.645 Thread 0x00000214fd9b2750 Uncommon trap: reason=class_check action=maybe_recompile pc=0x0000021487e27bb4 method=org.eclipse.jdt.internal.core.dom.rewrite.ASTRewriteAnalyzer.getExtendedRange(Lorg/eclipse/jdt/core/dom/ASTNode;)Lorg/eclipse/jdt/core/dom/rewrite/TargetSourceRangeCompu
Event: 425.645 Thread 0x00000214fd9b2750 DEOPT PACKING pc=0x0000021487e27bb4 sp=0x00000032582fe400
Event: 425.645 Thread 0x00000214fd9b2750 DEOPT UNPACKING pc=0x00000214875866a3 sp=0x00000032582fe1f0 mode 2
Event: 425.645 Thread 0x00000214fd9b2750 Uncommon trap: trap_request=0xffffffde fr.pc=0x0000021487ff36e8 relative=0x00000000000034a8
Event: 425.645 Thread 0x00000214fd9b2750 Uncommon trap: reason=class_check action=maybe_recompile pc=0x0000021487ff36e8 method=org.eclipse.jdt.internal.core.dom.rewrite.ASTRewriteAnalyzer.getExtendedRange(Lorg/eclipse/jdt/core/dom/ASTNode;)Lorg/eclipse/jdt/core/dom/rewrite/TargetSourceRangeCompu
Event: 425.645 Thread 0x00000214fd9b2750 DEOPT PACKING pc=0x0000021487ff36e8 sp=0x00000032582fe090
Event: 425.645 Thread 0x00000214fd9b2750 DEOPT UNPACKING pc=0x00000214875866a3 sp=0x00000032582fdf08 mode 2
Event: 425.645 Thread 0x00000214fd9b2750 Uncommon trap: trap_request=0xffffffde fr.pc=0x0000021487e4ce30 relative=0x0000000000000330
Event: 425.645 Thread 0x00000214fd9b2750 Uncommon trap: reason=class_check action=maybe_recompile pc=0x0000021487e4ce30 method=org.eclipse.jdt.internal.core.dom.rewrite.RewriteEventStore.hasChangedProperties(Lorg/eclipse/jdt/core/dom/ASTNode;)Z @ 48 c2
Event: 425.645 Thread 0x00000214fd9b2750 DEOPT PACKING pc=0x0000021487e4ce30 sp=0x00000032582fdcb0
Event: 425.645 Thread 0x00000214fd9b2750 DEOPT UNPACKING pc=0x00000214875866a3 sp=0x00000032582fdc30 mode 2
Event: 425.824 Thread 0x00000214fd9b2750 Uncommon trap: trap_request=0xffffffde fr.pc=0x0000021487e4ce30 relative=0x0000000000000330
Event: 425.824 Thread 0x00000214fd9b2750 Uncommon trap: reason=class_check action=maybe_recompile pc=0x0000021487e4ce30 method=org.eclipse.jdt.internal.core.dom.rewrite.RewriteEventStore.hasChangedProperties(Lorg/eclipse/jdt/core/dom/ASTNode;)Z @ 48 c2
Event: 425.824 Thread 0x00000214fd9b2750 DEOPT PACKING pc=0x0000021487e4ce30 sp=0x00000032582fe2b0
Event: 425.824 Thread 0x00000214fd9b2750 DEOPT UNPACKING pc=0x00000214875866a3 sp=0x00000032582fe230 mode 2

Classes unloaded (12 events):
Event: 5.757 Thread 0x00000214f0f88c40 Unloading class 0x000000010038c000 'java/lang/invoke/LambdaForm$MH+0x000000010038c000'
Event: 5.757 Thread 0x00000214f0f88c40 Unloading class 0x0000000100383400 'java/lang/invoke/LambdaForm$MH+0x0000000100383400'
Event: 5.757 Thread 0x00000214f0f88c40 Unloading class 0x0000000100382c00 'java/lang/invoke/LambdaForm$MH+0x0000000100382c00'
Event: 5.757 Thread 0x00000214f0f88c40 Unloading class 0x0000000100382000 'java/lang/invoke/LambdaForm$MH+0x0000000100382000'
Event: 5.757 Thread 0x00000214f0f88c40 Unloading class 0x0000000100381800 'java/lang/invoke/LambdaForm$MH+0x0000000100381800'
Event: 5.757 Thread 0x00000214f0f88c40 Unloading class 0x0000000100252400 'java/lang/invoke/LambdaForm$MH+0x0000000100252400'
Event: 5.757 Thread 0x00000214f0f88c40 Unloading class 0x0000000100252000 'java/lang/invoke/LambdaForm$MH+0x0000000100252000'
Event: 5.757 Thread 0x00000214f0f88c40 Unloading class 0x0000000100251c00 'java/lang/invoke/LambdaForm$MH+0x0000000100251c00'
Event: 5.757 Thread 0x00000214f0f88c40 Unloading class 0x0000000100251800 'java/lang/invoke/LambdaForm$MH+0x0000000100251800'
Event: 5.757 Thread 0x00000214f0f88c40 Unloading class 0x0000000100251400 'java/lang/invoke/LambdaForm$BMH+0x0000000100251400'
Event: 5.757 Thread 0x00000214f0f88c40 Unloading class 0x0000000100251000 'java/lang/invoke/LambdaForm$DMH+0x0000000100251000'
Event: 5.757 Thread 0x00000214f0f88c40 Unloading class 0x000000010024c400 'java/lang/invoke/LambdaForm$DMH+0x000000010024c400'

Classes redefined (0 events):
No events

Internal exceptions (20 events):
Event: 15.354 Thread 0x00000214fd9b1820 Exception <a 'sun/nio/fs/WindowsException'{0x00000000eb3c5f48}> (0x00000000eb3c5f48) 
thrown [s\src\hotspot\share\prims\jni.cpp, line 516]
Event: 15.449 Thread 0x00000214fd9b1820 Exception <a 'sun/nio/fs/WindowsException'{0x00000000eb3ec268}> (0x00000000eb3ec268) 
thrown [s\src\hotspot\share\prims\jni.cpp, line 516]
Event: 15.461 Thread 0x00000214fd9b1820 Exception <a 'sun/nio/fs/WindowsException'{0x00000000eb4dd9a0}> (0x00000000eb4dd9a0) 
thrown [s\src\hotspot\share\prims\jni.cpp, line 516]
Event: 15.469 Thread 0x00000214fd9b1820 Exception <a 'sun/nio/fs/WindowsException'{0x00000000eb4efd28}> (0x00000000eb4efd28) 
thrown [s\src\hotspot\share\prims\jni.cpp, line 516]
Event: 15.480 Thread 0x00000214fd9b1820 Exception <a 'sun/nio/fs/WindowsException'{0x00000000eb501b00}> (0x00000000eb501b00) 
thrown [s\src\hotspot\share\prims\jni.cpp, line 516]
Event: 15.544 Thread 0x00000214fd9b1820 Exception <a 'sun/nio/fs/WindowsException'{0x00000000eb58e788}> (0x00000000eb58e788) 
thrown [s\src\hotspot\share\prims\jni.cpp, line 516]
Event: 15.554 Thread 0x00000214fd9b1820 Exception <a 'sun/nio/fs/WindowsException'{0x00000000eb618958}> (0x00000000eb618958) 
thrown [s\src\hotspot\share\prims\jni.cpp, line 516]
Event: 15.565 Thread 0x00000214fd9b1820 Exception <a 'sun/nio/fs/WindowsException'{0x00000000eb68cba8}> (0x00000000eb68cba8) 
thrown [s\src\hotspot\share\prims\jni.cpp, line 516]
Event: 15.579 Thread 0x00000214fd9b1820 Exception <a 'sun/nio/fs/WindowsException'{0x00000000eb6e40f0}> (0x00000000eb6e40f0) 
thrown [s\src\hotspot\share\prims\jni.cpp, line 516]
Event: 15.649 Thread 0x00000214fc47d4b0 Exception <a 'java/lang/NoSuchMethodError'{0x00000000eacb49b8}: 'java.lang.Object java.lang.invoke.DirectMethodHandle$Holder.newInvokeSpecial(java.lang.Object, java.lang.Object, java.lang.Object, java.lang.Object, java.lang.Object, java.lang.Object)'> (0x00000000eacb49b8) 
thrown [s\src\hotspot\share\interpreter\linkResolver.cpp, line 759]
Event: 73.273 Thread 0x00000214fd9b3b90 Implicit null exception at 0x0000021487f40ee7 to 0x0000021487f410a8
Event: 252.555 Thread 0x00000214fd9b1820 Implicit null exception at 0x000002148803e1f2 to 0x000002148803ea94
Event: 253.450 Thread 0x00000214fd9b1820 Exception <a 'java/lang/NoSuchMethodError'{0x00000000eb53b630}: 'java.lang.Object java.lang.invoke.DirectMethodHandle$Holder.invokeStatic(java.lang.Object, int, java.lang.Object)'> (0x00000000eb53b630) 
thrown [s\src\hotspot\share\interpreter\linkResolver.cpp, line 759]
Event: 309.421 Thread 0x00000214fc47d9c0 Implicit null exception at 0x0000021487fb1858 to 0x0000021487fb1bf4
Event: 309.453 Thread 0x00000214fc47d9c0 Exception <a 'java/lang/NoSuchMethodError'{0x00000000eac98718}: 'java.lang.Object java.lang.invoke.DirectMethodHandle$Holder.newInvokeSpecial(java.lang.Object, java.lang.Object, java.lang.Object, java.lang.Object, java.lang.Object, java.lang.Object, java.lang.Object, java.lang.Object)'> (0x00000000eac98718) 
thrown [s\src\hotspot\share\interpreter\linkResolver.cpp, line 759]
Event: 309.454 Thread 0x00000214fc47d9c0 Exception <a 'java/lang/NoSuchMethodError'{0x00000000eac9df08}: 'java.lang.Object java.lang.invoke.Invokers$Holder.linkToTargetMethod(java.lang.Object, java.lang.Object, java.lang.Object, java.lang.Object, java.lang.Object, java.lang.Object, java.lang.Object, java.lang.Object)'> (0x00000000eac9df08) 
thrown [s\src\hotspot\share\interpreter\linkResolver.cpp, line 759]
Event: 402.990 Thread 0x00000214fd9b08f0 Implicit null exception at 0x0000021488037552 to 0x000002148803837c
Event: 408.292 Thread 0x00000214fd9b2750 Implicit null exception at 0x000002148800e756 to 0x000002148800fe68
Event: 425.824 Thread 0x00000214fd9b2750 Implicit null exception at 0x000002148109d356 to 0x000002148109d8bc
Event: 425.824 Thread 0x00000214fd9b2750 Exception <a 'java/lang/NullPointerException'{0x00000000eab552b8}> (0x00000000eab552b8) 
thrown [s\src\hotspot\share\runtime\sharedRuntime.cpp, line 631]

VM Operations (20 events):
Event: 404.759 Executing VM operation: ParallelGCFailedAllocation done
Event: 405.760 Executing VM operation: Cleanup
Event: 405.760 Executing VM operation: Cleanup done
Event: 408.778 Executing VM operation: Cleanup
Event: 408.779 Executing VM operation: Cleanup done
Event: 410.650 Executing VM operation: ParallelGCFailedAllocation
Event: 410.653 Executing VM operation: ParallelGCFailedAllocation done
Event: 414.678 Executing VM operation: Cleanup
Event: 414.678 Executing VM operation: Cleanup done
Event: 421.091 Executing VM operation: HandshakeAllThreads
Event: 421.091 Executing VM operation: HandshakeAllThreads done
Event: 425.442 Executing VM operation: HandshakeAllThreads
Event: 425.442 Executing VM operation: HandshakeAllThreads done
Event: 425.442 Executing VM operation: Cleanup
Event: 425.442 Executing VM operation: Cleanup done
Event: 425.671 Executing VM operation: ParallelGCFailedAllocation
Event: 425.674 Executing VM operation: ParallelGCFailedAllocation done
Event: 425.812 Executing VM operation: ParallelGCFailedAllocation
Event: 425.815 Executing VM operation: ParallelGCFailedAllocation done
Event: 426.180 Executing VM operation: ParallelGCFailedAllocation

Events (20 events):
Event: 403.027 Thread 0x000002148f20bad0 Thread added: 0x000002148f20bad0
Event: 404.095 Thread 0x000002148f20bad0 Thread exited: 0x000002148f20bad0
Event: 404.147 Thread 0x000002148f20eaa0 Thread added: 0x000002148f20eaa0
Event: 410.600 Thread 0x000002148f20eaa0 Thread exited: 0x000002148f20eaa0
Event: 410.612 Thread 0x000002148f20a040 Thread added: 0x000002148f20a040
Event: 411.247 Thread 0x000002148f20a040 Thread exited: 0x000002148f20a040
Event: 425.168 Thread 0x000002148f209050 Thread added: 0x000002148f209050
Event: 425.444 Thread 0x00000214f5d526e0 flushing nmethod 0x0000021487ded410
Event: 425.453 Thread 0x00000214f5d526e0 flushing nmethod 0x0000021480ae0b90
Event: 425.456 Thread 0x00000214f5d526e0 flushing nmethod 0x0000021480f56f10
Event: 425.456 Thread 0x00000214f5d526e0 flushing nmethod 0x0000021480fb2f10
Event: 425.456 Thread 0x00000214f5d526e0 flushing nmethod 0x0000021480fc3310
Event: 425.456 Thread 0x00000214f5d526e0 flushing nmethod 0x0000021480fd0410
Event: 425.456 Thread 0x00000214f5d526e0 flushing nmethod 0x0000021481042590
Event: 425.456 Thread 0x00000214f5d526e0 flushing nmethod 0x0000021481042c10
Event: 425.456 Thread 0x00000214f5d526e0 flushing nmethod 0x000002148105ec10
Event: 425.456 Thread 0x00000214f5d526e0 flushing nmethod 0x000002148106f390
Event: 425.457 Thread 0x00000214f5d526e0 flushing nmethod 0x0000021481085190
Event: 425.566 Thread 0x000002148f209050 Thread exited: 0x000002148f209050
Event: 425.665 Thread 0x000002148f20fa90 Thread added: 0x000002148f20fa90


Dynamic libraries:
0x00007ff6c0300000 - 0x00007ff6c030e000 	c:\Users\Welcome\.vscode\extensions\redhat.java-1.29.0-win32-x64\jre\17.0.10-win32-x86_64\bin\java.exe
0x00007ffa42ef0000 - 0x00007ffa430e8000 	C:\WINDOWS\SYSTEM32\ntdll.dll
0x00007ffa427b0000 - 0x00007ffa4286d000 	C:\WINDOWS\System32\KERNEL32.DLL
0x00007ffa40840000 - 0x00007ffa40b36000 	C:\WINDOWS\System32\KERNELBASE.dll
0x00007ffa40740000 - 0x00007ffa40840000 	C:\WINDOWS\System32\ucrtbase.dll
0x00007ffa395c0000 - 0x00007ffa395db000 	c:\Users\Welcome\.vscode\extensions\redhat.java-1.29.0-win32-x64\jre\17.0.10-win32-x86_64\bin\VCRUNTIME140.dll
0x00007ffa30960000 - 0x00007ffa30977000 	c:\Users\Welcome\.vscode\extensions\redhat.java-1.29.0-win32-x64\jre\17.0.10-win32-x86_64\bin\jli.dll
0x00007ffa417f0000 - 0x00007ffa4198f000 	C:\WINDOWS\System32\USER32.dll
0x00007ffa40da0000 - 0x00007ffa40dc2000 	C:\WINDOWS\System32\win32u.dll
0x00007ffa41710000 - 0x00007ffa4173b000 	C:\WINDOWS\System32\GDI32.dll
0x00007ffa40e00000 - 0x00007ffa40f17000 	C:\WINDOWS\System32\gdi32full.dll
0x00007ffa40630000 - 0x00007ffa406cd000 	C:\WINDOWS\System32\msvcp_win.dll
0x00007ffa3f8a0000 - 0x00007ffa3fb3a000 	C:\WINDOWS\WinSxS\amd64_microsoft.windows.common-controls_6595b64144ccf1df_6.0.19041.3636_none_60b6a03d71f818d5\COMCTL32.dll
0x00007ffa42d70000 - 0x00007ffa42e0e000 	C:\WINDOWS\System32\msvcrt.dll
0x00007ffa415f0000 - 0x00007ffa41622000 	C:\WINDOWS\System32\IMM32.DLL
0x00007ffa395b0000 - 0x00007ffa395bc000 	c:\Users\Welcome\.vscode\extensions\redhat.java-1.29.0-win32-x64\jre\17.0.10-win32-x86_64\bin\vcruntime140_1.dll
0x00007ffa17da0000 - 0x00007ffa17e2d000 	c:\Users\Welcome\.vscode\extensions\redhat.java-1.29.0-win32-x64\jre\17.0.10-win32-x86_64\bin\msvcp140.dll
0x00007ff9d1bc0000 - 0x00007ff9d2822000 	c:\Users\Welcome\.vscode\extensions\redhat.java-1.29.0-win32-x64\jre\17.0.10-win32-x86_64\bin\server\jvm.dll
0x00007ffa41990000 - 0x00007ffa41a40000 	C:\WINDOWS\System32\ADVAPI32.dll
0x00007ffa42e10000 - 0x00007ffa42eb0000 	C:\WINDOWS\System32\sechost.dll
0x00007ffa42680000 - 0x00007ffa427a3000 	C:\WINDOWS\System32\RPCRT4.dll
0x00007ffa40dd0000 - 0x00007ffa40df7000 	C:\WINDOWS\System32\bcrypt.dll
0x00007ffa40400000 - 0x00007ffa4044b000 	C:\WINDOWS\SYSTEM32\POWRPROF.dll
0x00007ffa253a0000 - 0x00007ffa253a9000 	C:\WINDOWS\SYSTEM32\WSOCK32.dll
0x00007ffa42350000 - 0x00007ffa423bb000 	C:\WINDOWS\System32\WS2_32.dll
0x00007ffa10ce0000 - 0x00007ffa10d07000 	C:\WINDOWS\SYSTEM32\WINMM.dll
0x00007ffa305b0000 - 0x00007ffa305ba000 	C:\WINDOWS\SYSTEM32\VERSION.dll
0x00007ffa403e0000 - 0x00007ffa403f2000 	C:\WINDOWS\SYSTEM32\UMPDC.dll
0x00007ffa3e750000 - 0x00007ffa3e762000 	C:\WINDOWS\SYSTEM32\kernel.appcore.dll
0x00007ffa3b7f0000 - 0x00007ffa3b7fa000 	c:\Users\Welcome\.vscode\extensions\redhat.java-1.29.0-win32-x64\jre\17.0.10-win32-x86_64\bin\jimage.dll
0x00007ffa3ffb0000 - 0x00007ffa40194000 	C:\WINDOWS\SYSTEM32\DBGHELP.DLL
0x00007ffa3fd40000 - 0x00007ffa3fd74000 	C:\WINDOWS\SYSTEM32\dbgcore.DLL
0x00007ffa405a0000 - 0x00007ffa40622000 	C:\WINDOWS\System32\bcryptPrimitives.dll
0x00007ffa30690000 - 0x00007ffa3069e000 	c:\Users\Welcome\.vscode\extensions\redhat.java-1.29.0-win32-x64\jre\17.0.10-win32-x86_64\bin\instrument.dll
0x00007ffa21510000 - 0x00007ffa21535000 	c:\Users\Welcome\.vscode\extensions\redhat.java-1.29.0-win32-x64\jre\17.0.10-win32-x86_64\bin\java.dll
0x00007ffa23240000 - 0x00007ffa23258000 	c:\Users\Welcome\.vscode\extensions\redhat.java-1.29.0-win32-x64\jre\17.0.10-win32-x86_64\bin\zip.dll
0x00007ffa41b80000 - 0x00007ffa422eb000 	C:\WINDOWS\System32\SHELL32.dll
0x00007ffa3dfa0000 - 0x00007ffa3e73e000 	C:\WINDOWS\SYSTEM32\windows.storage.dll
0x00007ffa41160000 - 0x00007ffa414b3000 	C:\WINDOWS\System32\combase.dll
0x00007ffa3f870000 - 0x00007ffa3f89e000 	C:\WINDOWS\SYSTEM32\Wldp.dll
0x00007ffa41030000 - 0x00007ffa410fd000 	C:\WINDOWS\System32\OLEAUT32.dll
0x00007ffa423c0000 - 0x00007ffa4246d000 	C:\WINDOWS\System32\SHCORE.dll
0x00007ffa42620000 - 0x00007ffa42675000 	C:\WINDOWS\System32\shlwapi.dll
0x00007ffa404d0000 - 0x00007ffa404f3000 	C:\WINDOWS\SYSTEM32\profapi.dll
0x00007ffa21640000 - 0x00007ffa21659000 	C:\Users\Welcome\.vscode\extensions\redhat.java-1.29.0-win32-x64\jre\17.0.10-win32-x86_64\bin\net.dll
0x00007ffa3a960000 - 0x00007ffa3aa6a000 	C:\WINDOWS\SYSTEM32\WINHTTP.dll
0x00007ffa3f700000 - 0x00007ffa3f76a000 	C:\WINDOWS\system32\mswsock.dll
0x00007ffa1f6e0000 - 0x00007ffa1f6f6000 	C:\Users\Welcome\.vscode\extensions\redhat.java-1.29.0-win32-x64\jre\17.0.10-win32-x86_64\bin\nio.dll
0x00007ffa30680000 - 0x00007ffa30690000 	c:\Users\Welcome\.vscode\extensions\redhat.java-1.29.0-win32-x64\jre\17.0.10-win32-x86_64\bin\verify.dll
0x00007ffa1ef20000 - 0x00007ffa1ef5e000 	C:\Users\Welcome\AppData\Roaming\Code\User\globalStorage\redhat.java\1.29.0\config_win\org.eclipse.equinox.launcher\org.eclipse.equinox.launcher.win32.win32.x86_64_1.2.900.v20240213-1244\eclipse_11900.dll
0x00007ffa41a50000 - 0x00007ffa41b7b000 	C:\WINDOWS\System32\ole32.dll
0x00007ffa3fd20000 - 0x00007ffa3fd38000 	C:\WINDOWS\SYSTEM32\CRYPTSP.dll
0x00007ffa3ef40000 - 0x00007ffa3ef74000 	C:\WINDOWS\system32\rsaenh.dll
0x00007ffa40490000 - 0x00007ffa404be000 	C:\WINDOWS\SYSTEM32\USERENV.dll
0x00007ffa3f6a0000 - 0x00007ffa3f6ac000 	C:\WINDOWS\SYSTEM32\CRYPTBASE.dll
0x00007ffa3f2a0000 - 0x00007ffa3f2db000 	C:\WINDOWS\SYSTEM32\IPHLPAPI.DLL
0x00007ffa40f20000 - 0x00007ffa40f28000 	C:\WINDOWS\System32\NSI.dll
0x00007ffa34f60000 - 0x00007ffa34f77000 	C:\WINDOWS\SYSTEM32\dhcpcsvc6.DLL
0x00007ffa35430000 - 0x00007ffa3544d000 	C:\WINDOWS\SYSTEM32\dhcpcsvc.DLL
0x00007ffa3f2e0000 - 0x00007ffa3f3ab000 	C:\WINDOWS\SYSTEM32\DNSAPI.dll
0x00007ffa17d50000 - 0x00007ffa17d95000 	C:\Users\Welcome\AppData\Local\Temp\jna-65915459\jna11127488730366184393.dll
0x00007ffa415e0000 - 0x00007ffa415e8000 	C:\WINDOWS\System32\PSAPI.DLL

dbghelp: loaded successfully - version: 4.0.5 - missing functions: none
symbol engine: initialized successfully - sym options: 0x614 - pdb path: .;c:\Users\Welcome\.vscode\extensions\redhat.java-1.29.0-win32-x64\jre\17.0.10-win32-x86_64\bin;C:\WINDOWS\SYSTEM32;C:\WINDOWS\WinSxS\amd64_microsoft.windows.common-controls_6595b64144ccf1df_6.0.19041.3636_none_60b6a03d71f818d5;c:\Users\Welcome\.vscode\extensions\redhat.java-1.29.0-win32-x64\jre\17.0.10-win32-x86_64\bin\server;C:\Users\Welcome\AppData\Roaming\Code\User\globalStorage\redhat.java\1.29.0\config_win\org.eclipse.equinox.launcher\org.eclipse.equinox.launcher.win32.win32.x86_64_1.2.900.v20240213-1244;C:\Users\Welcome\AppData\Local\Temp\jna-65915459

VM Arguments:
jvm_args: --add-modules=ALL-SYSTEM --add-opens=java.base/java.util=ALL-UNNAMED --add-opens=java.base/java.lang=ALL-UNNAMED --add-opens=java.base/sun.nio.fs=ALL-UNNAMED -Declipse.application=org.eclipse.jdt.ls.core.id1 -Dosgi.bundles.defaultStartLevel=4 -Declipse.product=org.eclipse.jdt.ls.core.product -Djava.import.generatesMetadataFilesAtProjectRoot=false -DDetectVMInstallationsJob.disabled=true -Dfile.encoding=utf8 -XX:+UseParallelGC -XX:GCTimeRatio=4 -XX:AdaptiveSizePolicyWeight=90 -Dsun.zip.disableMemoryMapping=true -Xmx1G -Xms100m -Xlog:disable -javaagent:c:\Users\Welcome\.vscode\extensions\redhat.java-1.29.0-win32-x64\lombok\lombok-1.18.32.jar -XX:+HeapDumpOnOutOfMemoryError -XX:HeapDumpPath=c:\Users\Welcome\AppData\Roaming\Code\User\workspaceStorage\50bb07fb0669819beebb2246bf472869\redhat.java -Daether.dependencyCollector.impl=bf 
java_command: c:\Users\Welcome\.vscode\extensions\redhat.java-1.29.0-win32-x64\server\plugins\org.eclipse.equinox.launcher_1.6.800.v20240304-1850.jar -configuration c:\Users\Welcome\AppData\Roaming\Code\User\globalStorage\redhat.java\1.29.0\config_win -data c:\Users\Welcome\AppData\Roaming\Code\User\workspaceStorage\50bb07fb0669819beebb2246bf472869\redhat.java\jdt_ws --stdio
java_class_path (initial): c:\Users\Welcome\.vscode\extensions\redhat.java-1.29.0-win32-x64\server\plugins\org.eclipse.equinox.launcher_1.6.800.v20240304-1850.jar
Launcher Type: SUN_STANDARD

[Global flags]
    uintx AdaptiveSizePolicyWeight                 = 90                                        {product} {command line}
     intx CICompilerCount                          = 3                                         {product} {ergonomic}
    uintx GCTimeRatio                              = 4                                         {product} {command line}
     bool HeapDumpOnOutOfMemoryError               = true                                   {manageable} {command line}
    ccstr HeapDumpPath                             = c:\Users\Welcome\AppData\Roaming\Code\User\workspaceStorage\50bb07fb0669819beebb2246bf472869\redhat.java         {manageable} {command line}
   size_t InitialHeapSize                          = 104857600                                 {product} {command line}
   size_t MaxHeapSize                              = 1073741824                                {product} {command line}
   size_t MaxNewSize                               = 357564416                                 {product} {ergonomic}
   size_t MinHeapDeltaBytes                        = 524288                                    {product} {ergonomic}
   size_t MinHeapSize                              = 104857600                                 {product} {command line}
   size_t NewSize                                  = 34603008                                  {product} {ergonomic}
    uintx NonNMethodCodeHeapSize                   = 5832780                                {pd product} {ergonomic}
    uintx NonProfiledCodeHeapSize                  = 122912730                              {pd product} {ergonomic}
   size_t OldSize                                  = 70254592                                  {product} {ergonomic}
    uintx ProfiledCodeHeapSize                     = 122912730                              {pd product} {ergonomic}
    uintx ReservedCodeCacheSize                    = 251658240                              {pd product} {ergonomic}
     bool SegmentedCodeCache                       = true                                      {product} {ergonomic}
   size_t SoftMaxHeapSize                          = 1073741824                             {manageable} {ergonomic}
     bool UseCompressedClassPointers               = true                           {product lp64_product} {ergonomic}
     bool UseCompressedOops                        = true                           {product lp64_product} {ergonomic}
     bool UseLargePagesIndividualAllocation        = false                                  {pd product} {ergonomic}
     bool UseParallelGC                            = true                                      {product} {command line}

Logging:
Log output configuration:
 #0: stdout all=off uptime,level,tags
 #1: stderr all=off uptime,level,tags

Environment Variables:
PATH=C:\app\Delia\product\21c\dbhomeXE\bin;C:\Program Files\Eclipse Adoptium\jdk-17.0.5.8-hotspot\bin;C:\Program Files\Common Files\Oracle\Java\javapath;C:\Program Files (x86)\Common Files\Oracle\Java\javapath;C:\ProgramData\Oracle\Java\javapath;C:\WINDOWS\system32;C:\WINDOWS;C:\WINDOWS\System32\Wbem;C:\WINDOWS\System32\WindowsPowerShell\v1.0\;C:\WINDOWS\System32\OpenSSH\;C:\Program Files\Git\cmd;C:\Program Files\nodejs\;C:\Users\Welcome\AppData\Local\Programs\Python\Python311\Scripts\;C:\Users\Welcome\AppData\Local\Programs\Python\Python311\;C:\Users\Welcome\AppData\Local\Microsoft\WindowsApps;C:\Users\Welcome\AppData\Local\Programs\Microsoft VS Code\bin;C:\Users\Welcome\AppData\Roaming\npm;C:\xampp\php;C:\Users\Welcome\AppData\Local\ComposerSetup\bin;C:\Users\Welcome\AppData\Roaming\Composer\vendor\bin
USERNAME=Delia
OS=Windows_NT
PROCESSOR_IDENTIFIER=Intel64 Family 6 Model 69 Stepping 1, GenuineIntel
TMP=C:\Users\Welcome\AppData\Local\Temp
TEMP=C:\Users\Welcome\AppData\Local\Temp



Periodic native trim disabled


---------------  S Y S T E M  ---------------

OS:
 Windows 10 , 64 bit Build 19041 (10.0.19041.3636)
OS uptime: 0 days 4:47 hours

CPU: total 4 (initial active 4) (2 cores per cpu, 2 threads per core) family 6 model 69 stepping 1 microcode 0x25, cx8, cmov, fxsr, ht, mmx, sse, sse2, sse3, ssse3, sse4.1, sse4.2, popcnt, lzcnt, tsc, tscinvbit, avx, avx2, aes, erms, clmul, bmi1, bmi2, fma, vzeroupper, clflush
Processor Information for all 4 processors :
  Max Mhz: 2501, Current Mhz: 2501, Mhz Limit: 2501

Memory: 4k page, system-wide physical 4001M (511M free)
TotalPageFile size 10328M (AvailPageFile size 1882M)
current process WorkingSet (physical memory assigned to process): 287M, peak: 326M
current process commit charge ("private bytes"): 316M, peak: 363M

vm_info: OpenJDK 64-Bit Server VM (17.0.10+7) for windows-amd64 JRE (17.0.10+7), built on Jan 16 2024 23:25:11 by "admin" with MS VC++ 16.10 / 16.11 (VS2019)

END.
